[14-Nov-2017 03:02:09 UTC] PHP Warning:  include(../../dbConnection.php): failed to open stream: No such file or directory in /home/ubuntu/workspace/final_project/admin.php on line 10
[14-Nov-2017 03:02:09 UTC] PHP Stack trace:
[14-Nov-2017 03:02:09 UTC] PHP   1. {main}() /home/ubuntu/workspace/final_project/admin.php:0
[14-Nov-2017 03:02:09 UTC] PHP   2. productList() /home/ubuntu/workspace/final_project/admin.php:60
[14-Nov-2017 03:02:09 UTC] PHP Warning:  include(): Failed opening '../../dbConnection.php' for inclusion (include_path='.:/usr/share/php:/usr/share/pear') in /home/ubuntu/workspace/final_project/admin.php on line 10
[14-Nov-2017 03:02:09 UTC] PHP Stack trace:
[14-Nov-2017 03:02:09 UTC] PHP   1. {main}() /home/ubuntu/workspace/final_project/admin.php:0
[14-Nov-2017 03:02:09 UTC] PHP   2. productList() /home/ubuntu/workspace/final_project/admin.php:60
[14-Nov-2017 03:02:09 UTC] PHP Fatal error:  Call to undefined function getDatabaseConnection() in /home/ubuntu/workspace/final_project/admin.php on line 12
[14-Nov-2017 03:02:09 UTC] PHP Stack trace:
[14-Nov-2017 03:02:09 UTC] PHP   1. {main}() /home/ubuntu/workspace/final_project/admin.php:0
[14-Nov-2017 03:02:09 UTC] PHP   2. productList() /home/ubuntu/workspace/final_project/admin.php:60
[14-Nov-2017 16:07:11 UTC] PHP Warning:  include(../../dbConnection.php): failed to open stream: No such file or directory in /home/ubuntu/workspace/final_project/admin.php on line 10
[14-Nov-2017 16:07:11 UTC] PHP Stack trace:
[14-Nov-2017 16:07:11 UTC] PHP   1. {main}() /home/ubuntu/workspace/final_project/admin.php:0
[14-Nov-2017 16:07:11 UTC] PHP   2. productList() /home/ubuntu/workspace/final_project/admin.php:60
[14-Nov-2017 16:07:11 UTC] PHP Warning:  include(): Failed opening '../../dbConnection.php' for inclusion (include_path='.:/usr/share/php:/usr/share/pear') in /home/ubuntu/workspace/final_project/admin.php on line 10
[14-Nov-2017 16:07:11 UTC] PHP Stack trace:
[14-Nov-2017 16:07:11 UTC] PHP   1. {main}() /home/ubuntu/workspace/final_project/admin.php:0
[14-Nov-2017 16:07:11 UTC] PHP   2. productList() /home/ubuntu/workspace/final_project/admin.php:60
[14-Nov-2017 16:07:11 UTC] PHP Fatal error:  Call to undefined function getDatabaseConnection() in /home/ubuntu/workspace/final_project/admin.php on line 12
[14-Nov-2017 16:07:11 UTC] PHP Stack trace:
[14-Nov-2017 16:07:11 UTC] PHP   1. {main}() /home/ubuntu/workspace/final_project/admin.php:0
[14-Nov-2017 16:07:11 UTC] PHP   2. productList() /home/ubuntu/workspace/final_project/admin.php:60
[14-Nov-2017 16:07:52 UTC] PHP Fatal error:  Uncaught exception 'PDOException' with message 'SQLSTATE[42S02]: Base table or view not found: 1146 Table 'quotes.products' doesn't exist' in /home/ubuntu/workspace/final_project/admin.php:17
Stack trace:
#0 /home/ubuntu/workspace/final_project/admin.php(17): PDOStatement->execute()
#1 /home/ubuntu/workspace/final_project/admin.php(60): productList()
#2 {main}
  thrown in /home/ubuntu/workspace/final_project/admin.php on line 17
[14-Nov-2017 16:08:10 UTC] PHP Fatal error:  Uncaught exception 'PDOException' with message 'SQLSTATE[42S02]: Base table or view not found: 1146 Table 'quotes.products' doesn't exist' in /home/ubuntu/workspace/final_project/admin.php:17
Stack trace:
#0 /home/ubuntu/workspace/final_project/admin.php(17): PDOStatement->execute()
#1 /home/ubuntu/workspace/final_project/admin.php(60): productList()
#2 {main}
  thrown in /home/ubuntu/workspace/final_project/admin.php on line 17
[14-Nov-2017 16:08:12 UTC] PHP Fatal error:  Uncaught exception 'PDOException' with message 'SQLSTATE[42S02]: Base table or view not found: 1146 Table 'quotes.products' doesn't exist' in /home/ubuntu/workspace/final_project/admin.php:17
Stack trace:
#0 /home/ubuntu/workspace/final_project/admin.php(17): PDOStatement->execute()
#1 /home/ubuntu/workspace/final_project/admin.php(60): productList()
#2 {main}
  thrown in /home/ubuntu/workspace/final_project/admin.php on line 17
[14-Nov-2017 16:08:41 UTC] PHP Warning:  Invalid argument supplied for foreach() in /home/ubuntu/workspace/final_project/admin.php on line 60
[14-Nov-2017 16:08:41 UTC] PHP Stack trace:
[14-Nov-2017 16:08:41 UTC] PHP   1. {main}() /home/ubuntu/workspace/final_project/admin.php:0
[14-Nov-2017 16:10:30 UTC] PHP Parse error:  syntax error, unexpected '"<td>"' (T_CONSTANT_ENCAPSED_STRING) in /home/ubuntu/workspace/final_project/admin.php on line 63
[14-Nov-2017 16:10:31 UTC] PHP Parse error:  syntax error, unexpected '"<td>"' (T_CONSTANT_ENCAPSED_STRING) in /home/ubuntu/workspace/final_project/admin.php on line 63
