[17-Oct-2017 22:03:03 UTC] PHP Parse error:  syntax error, unexpected 'x' (T_STRING), expecting ',' or ';' in /home/ubuntu/workspace/exams/midterm/practice/practice_program1.php on line 22
[17-Oct-2017 22:45:13 UTC] PHP Parse error:  syntax error, unexpected '}', expecting ',' or ';' in /home/ubuntu/workspace/exams/midterm/practice/displayTable.php on line 16
[17-Oct-2017 23:20:16 UTC] PHP Parse error:  syntax error, unexpected '[', expecting ']' in /home/ubuntu/workspace/exams/midterm/practice/displayTable.php on line 48
[17-Oct-2017 23:21:03 UTC] PHP Parse error:  syntax error, unexpected '[', expecting ']' in /home/ubuntu/workspace/exams/midterm/practice/displayTable.php on line 48
[18-Oct-2017 00:16:41 UTC] PHP Warning:  Illegal offset type in /home/ubuntu/workspace/exams/midterm/practice/displayTable.php on line 46
[18-Oct-2017 00:16:41 UTC] PHP Stack trace:
[18-Oct-2017 00:16:41 UTC] PHP   1. {main}() /home/ubuntu/workspace/exams/midterm/practice/displayTable.php:0
[18-Oct-2017 00:16:41 UTC] PHP Warning:  Illegal offset type in /home/ubuntu/workspace/exams/midterm/practice/displayTable.php on line 46
[18-Oct-2017 00:16:41 UTC] PHP Stack trace:
[18-Oct-2017 00:16:41 UTC] PHP   1. {main}() /home/ubuntu/workspace/exams/midterm/practice/displayTable.php:0
[18-Oct-2017 00:16:41 UTC] PHP Warning:  Illegal offset type in /home/ubuntu/workspace/exams/midterm/practice/displayTable.php on line 46
[18-Oct-2017 00:16:41 UTC] PHP Stack trace:
[18-Oct-2017 00:16:41 UTC] PHP   1. {main}() /home/ubuntu/workspace/exams/midterm/practice/displayTable.php:0
[18-Oct-2017 00:16:41 UTC] PHP Warning:  Illegal offset type in /home/ubuntu/workspace/exams/midterm/practice/displayTable.php on line 46
[18-Oct-2017 00:16:41 UTC] PHP Stack trace:
[18-Oct-2017 00:16:41 UTC] PHP   1. {main}() /home/ubuntu/workspace/exams/midterm/practice/displayTable.php:0
[18-Oct-2017 00:16:41 UTC] PHP Warning:  Illegal offset type in /home/ubuntu/workspace/exams/midterm/practice/displayTable.php on line 46
[18-Oct-2017 00:16:41 UTC] PHP Stack trace:
[18-Oct-2017 00:16:41 UTC] PHP   1. {main}() /home/ubuntu/workspace/exams/midterm/practice/displayTable.php:0
[18-Oct-2017 00:16:41 UTC] PHP Warning:  Illegal offset type in /home/ubuntu/workspace/exams/midterm/practice/displayTable.php on line 46
[18-Oct-2017 00:16:41 UTC] PHP Stack trace:
[18-Oct-2017 00:16:41 UTC] PHP   1. {main}() /home/ubuntu/workspace/exams/midterm/practice/displayTable.php:0
[18-Oct-2017 00:16:41 UTC] PHP Warning:  Illegal offset type in /home/ubuntu/workspace/exams/midterm/practice/displayTable.php on line 46
[18-Oct-2017 00:16:41 UTC] PHP Stack trace:
[18-Oct-2017 00:16:41 UTC] PHP   1. {main}() /home/ubuntu/workspace/exams/midterm/practice/displayTable.php:0
[18-Oct-2017 00:16:41 UTC] PHP Warning:  Illegal offset type in /home/ubuntu/workspace/exams/midterm/practice/displayTable.php on line 46
[18-Oct-2017 00:16:41 UTC] PHP Stack trace:
[18-Oct-2017 00:16:41 UTC] PHP   1. {main}() /home/ubuntu/workspace/exams/midterm/practice/displayTable.php:0
[18-Oct-2017 00:16:41 UTC] PHP Warning:  Illegal offset type in /home/ubuntu/workspace/exams/midterm/practice/displayTable.php on line 46
[18-Oct-2017 00:16:41 UTC] PHP Stack trace:
[18-Oct-2017 00:16:41 UTC] PHP   1. {main}() /home/ubuntu/workspace/exams/midterm/practice/displayTable.php:0
[18-Oct-2017 00:16:41 UTC] PHP Warning:  Illegal offset type in /home/ubuntu/workspace/exams/midterm/practice/displayTable.php on line 46
[18-Oct-2017 00:16:41 UTC] PHP Stack trace:
[18-Oct-2017 00:16:41 UTC] PHP   1. {main}() /home/ubuntu/workspace/exams/midterm/practice/displayTable.php:0
[18-Oct-2017 00:16:41 UTC] PHP Warning:  Illegal offset type in /home/ubuntu/workspace/exams/midterm/practice/displayTable.php on line 46
[18-Oct-2017 00:16:41 UTC] PHP Stack trace:
[18-Oct-2017 00:16:41 UTC] PHP   1. {main}() /home/ubuntu/workspace/exams/midterm/practice/displayTable.php:0
[18-Oct-2017 00:16:41 UTC] PHP Warning:  Illegal offset type in /home/ubuntu/workspace/exams/midterm/practice/displayTable.php on line 46
[18-Oct-2017 00:16:41 UTC] PHP Stack trace:
[18-Oct-2017 00:16:41 UTC] PHP   1. {main}() /home/ubuntu/workspace/exams/midterm/practice/displayTable.php:0
[18-Oct-2017 00:16:41 UTC] PHP Warning:  Illegal offset type in /home/ubuntu/workspace/exams/midterm/practice/displayTable.php on line 46
[18-Oct-2017 00:16:41 UTC] PHP Stack trace:
[18-Oct-2017 00:16:41 UTC] PHP   1. {main}() /home/ubuntu/workspace/exams/midterm/practice/displayTable.php:0
[18-Oct-2017 00:16:41 UTC] PHP Warning:  Illegal offset type in /home/ubuntu/workspace/exams/midterm/practice/displayTable.php on line 46
[18-Oct-2017 00:16:41 UTC] PHP Stack trace:
[18-Oct-2017 00:16:41 UTC] PHP   1. {main}() /home/ubuntu/workspace/exams/midterm/practice/displayTable.php:0
[18-Oct-2017 00:16:41 UTC] PHP Warning:  Illegal offset type in /home/ubuntu/workspace/exams/midterm/practice/displayTable.php on line 46
[18-Oct-2017 00:16:41 UTC] PHP Stack trace:
[18-Oct-2017 00:16:41 UTC] PHP   1. {main}() /home/ubuntu/workspace/exams/midterm/practice/displayTable.php:0
[18-Oct-2017 00:16:41 UTC] PHP Warning:  Illegal offset type in /home/ubuntu/workspace/exams/midterm/practice/displayTable.php on line 46
[18-Oct-2017 00:16:41 UTC] PHP Stack trace:
[18-Oct-2017 00:16:41 UTC] PHP   1. {main}() /home/ubuntu/workspace/exams/midterm/practice/displayTable.php:0
[18-Oct-2017 00:16:41 UTC] PHP Warning:  Illegal offset type in /home/ubuntu/workspace/exams/midterm/practice/displayTable.php on line 46
[18-Oct-2017 00:16:41 UTC] PHP Stack trace:
[18-Oct-2017 00:16:41 UTC] PHP   1. {main}() /home/ubuntu/workspace/exams/midterm/practice/displayTable.php:0
[18-Oct-2017 00:16:41 UTC] PHP Warning:  Illegal offset type in /home/ubuntu/workspace/exams/midterm/practice/displayTable.php on line 46
[18-Oct-2017 00:16:41 UTC] PHP Stack trace:
[18-Oct-2017 00:16:41 UTC] PHP   1. {main}() /home/ubuntu/workspace/exams/midterm/practice/displayTable.php:0
[18-Oct-2017 00:16:41 UTC] PHP Warning:  Illegal offset type in /home/ubuntu/workspace/exams/midterm/practice/displayTable.php on line 46
[18-Oct-2017 00:16:41 UTC] PHP Stack trace:
[18-Oct-2017 00:16:41 UTC] PHP   1. {main}() /home/ubuntu/workspace/exams/midterm/practice/displayTable.php:0
[18-Oct-2017 00:16:41 UTC] PHP Warning:  Illegal offset type in /home/ubuntu/workspace/exams/midterm/practice/displayTable.php on line 46
[18-Oct-2017 00:16:41 UTC] PHP Stack trace:
[18-Oct-2017 00:16:41 UTC] PHP   1. {main}() /home/ubuntu/workspace/exams/midterm/practice/displayTable.php:0
[18-Oct-2017 00:16:41 UTC] PHP Warning:  Illegal offset type in /home/ubuntu/workspace/exams/midterm/practice/displayTable.php on line 46
[18-Oct-2017 00:16:41 UTC] PHP Stack trace:
[18-Oct-2017 00:16:41 UTC] PHP   1. {main}() /home/ubuntu/workspace/exams/midterm/practice/displayTable.php:0
[18-Oct-2017 00:16:41 UTC] PHP Warning:  Illegal offset type in /home/ubuntu/workspace/exams/midterm/practice/displayTable.php on line 46
[18-Oct-2017 00:16:41 UTC] PHP Stack trace:
[18-Oct-2017 00:16:41 UTC] PHP   1. {main}() /home/ubuntu/workspace/exams/midterm/practice/displayTable.php:0
[18-Oct-2017 00:16:41 UTC] PHP Warning:  Illegal offset type in /home/ubuntu/workspace/exams/midterm/practice/displayTable.php on line 46
[18-Oct-2017 00:16:41 UTC] PHP Stack trace:
[18-Oct-2017 00:16:41 UTC] PHP   1. {main}() /home/ubuntu/workspace/exams/midterm/practice/displayTable.php:0
[18-Oct-2017 00:16:41 UTC] PHP Warning:  Illegal offset type in /home/ubuntu/workspace/exams/midterm/practice/displayTable.php on line 46
[18-Oct-2017 00:16:41 UTC] PHP Stack trace:
[18-Oct-2017 00:16:41 UTC] PHP   1. {main}() /home/ubuntu/workspace/exams/midterm/practice/displayTable.php:0
[18-Oct-2017 00:16:41 UTC] PHP Warning:  Illegal offset type in /home/ubuntu/workspace/exams/midterm/practice/displayTable.php on line 46
[18-Oct-2017 00:16:41 UTC] PHP Stack trace:
[18-Oct-2017 00:16:41 UTC] PHP   1. {main}() /home/ubuntu/workspace/exams/midterm/practice/displayTable.php:0
[18-Oct-2017 00:16:41 UTC] PHP Warning:  Illegal offset type in /home/ubuntu/workspace/exams/midterm/practice/displayTable.php on line 46
[18-Oct-2017 00:16:41 UTC] PHP Stack trace:
[18-Oct-2017 00:16:41 UTC] PHP   1. {main}() /home/ubuntu/workspace/exams/midterm/practice/displayTable.php:0
[18-Oct-2017 00:16:41 UTC] PHP Warning:  Illegal offset type in /home/ubuntu/workspace/exams/midterm/practice/displayTable.php on line 46
[18-Oct-2017 00:16:41 UTC] PHP Stack trace:
[18-Oct-2017 00:16:41 UTC] PHP   1. {main}() /home/ubuntu/workspace/exams/midterm/practice/displayTable.php:0
[18-Oct-2017 00:16:41 UTC] PHP Warning:  Illegal offset type in /home/ubuntu/workspace/exams/midterm/practice/displayTable.php on line 46
[18-Oct-2017 00:16:41 UTC] PHP Stack trace:
[18-Oct-2017 00:16:41 UTC] PHP   1. {main}() /home/ubuntu/workspace/exams/midterm/practice/displayTable.php:0
[18-Oct-2017 00:16:41 UTC] PHP Warning:  Illegal offset type in /home/ubuntu/workspace/exams/midterm/practice/displayTable.php on line 46
[18-Oct-2017 00:16:41 UTC] PHP Stack trace:
[18-Oct-2017 00:16:41 UTC] PHP   1. {main}() /home/ubuntu/workspace/exams/midterm/practice/displayTable.php:0
[18-Oct-2017 00:16:41 UTC] PHP Warning:  Illegal offset type in /home/ubuntu/workspace/exams/midterm/practice/displayTable.php on line 46
[18-Oct-2017 00:16:41 UTC] PHP Stack trace:
[18-Oct-2017 00:16:41 UTC] PHP   1. {main}() /home/ubuntu/workspace/exams/midterm/practice/displayTable.php:0
[18-Oct-2017 00:16:41 UTC] PHP Warning:  Illegal offset type in /home/ubuntu/workspace/exams/midterm/practice/displayTable.php on line 46
[18-Oct-2017 00:16:41 UTC] PHP Stack trace:
[18-Oct-2017 00:16:41 UTC] PHP   1. {main}() /home/ubuntu/workspace/exams/midterm/practice/displayTable.php:0
[18-Oct-2017 00:16:41 UTC] PHP Warning:  Illegal offset type in /home/ubuntu/workspace/exams/midterm/practice/displayTable.php on line 46
[18-Oct-2017 00:16:41 UTC] PHP Stack trace:
[18-Oct-2017 00:16:41 UTC] PHP   1. {main}() /home/ubuntu/workspace/exams/midterm/practice/displayTable.php:0
[18-Oct-2017 00:16:41 UTC] PHP Warning:  Illegal offset type in /home/ubuntu/workspace/exams/midterm/practice/displayTable.php on line 46
[18-Oct-2017 00:16:41 UTC] PHP Stack trace:
[18-Oct-2017 00:16:41 UTC] PHP   1. {main}() /home/ubuntu/workspace/exams/midterm/practice/displayTable.php:0
[18-Oct-2017 00:16:41 UTC] PHP Warning:  Illegal offset type in /home/ubuntu/workspace/exams/midterm/practice/displayTable.php on line 46
[18-Oct-2017 00:16:41 UTC] PHP Stack trace:
[18-Oct-2017 00:16:41 UTC] PHP   1. {main}() /home/ubuntu/workspace/exams/midterm/practice/displayTable.php:0
[18-Oct-2017 00:16:41 UTC] PHP Warning:  Illegal offset type in /home/ubuntu/workspace/exams/midterm/practice/displayTable.php on line 46
[18-Oct-2017 00:16:41 UTC] PHP Stack trace:
[18-Oct-2017 00:16:41 UTC] PHP   1. {main}() /home/ubuntu/workspace/exams/midterm/practice/displayTable.php:0
[18-Oct-2017 00:16:41 UTC] PHP Warning:  Illegal offset type in /home/ubuntu/workspace/exams/midterm/practice/displayTable.php on line 46
[18-Oct-2017 00:16:41 UTC] PHP Stack trace:
[18-Oct-2017 00:16:41 UTC] PHP   1. {main}() /home/ubuntu/workspace/exams/midterm/practice/displayTable.php:0
[18-Oct-2017 00:20:35 UTC] PHP Parse error:  syntax error, unexpected '.' in /home/ubuntu/workspace/exams/midterm/practice/displayTable.php on line 46
[18-Oct-2017 00:49:53 UTC] PHP Warning:  array_rand() expects parameter 1 to be array, boolean given in /home/ubuntu/workspace/exams/midterm/practice/displayTable.php on line 43
[18-Oct-2017 00:49:53 UTC] PHP Stack trace:
[18-Oct-2017 00:49:53 UTC] PHP   1. {main}() /home/ubuntu/workspace/exams/midterm/practice/displayTable.php:0
[18-Oct-2017 00:49:53 UTC] PHP   2. array_rand() /home/ubuntu/workspace/exams/midterm/practice/displayTable.php:43
[18-Oct-2017 00:49:53 UTC] PHP Warning:  array_rand() expects parameter 1 to be array, boolean given in /home/ubuntu/workspace/exams/midterm/practice/displayTable.php on line 43
[18-Oct-2017 00:49:53 UTC] PHP Stack trace:
[18-Oct-2017 00:49:53 UTC] PHP   1. {main}() /home/ubuntu/workspace/exams/midterm/practice/displayTable.php:0
[18-Oct-2017 00:49:53 UTC] PHP   2. array_rand() /home/ubuntu/workspace/exams/midterm/practice/displayTable.php:43
[18-Oct-2017 00:49:53 UTC] PHP Warning:  array_rand() expects parameter 1 to be array, boolean given in /home/ubuntu/workspace/exams/midterm/practice/displayTable.php on line 43
[18-Oct-2017 00:49:53 UTC] PHP Stack trace:
[18-Oct-2017 00:49:53 UTC] PHP   1. {main}() /home/ubuntu/workspace/exams/midterm/practice/displayTable.php:0
[18-Oct-2017 00:49:53 UTC] PHP   2. array_rand() /home/ubuntu/workspace/exams/midterm/practice/displayTable.php:43
[18-Oct-2017 00:49:53 UTC] PHP Warning:  array_rand() expects parameter 1 to be array, boolean given in /home/ubuntu/workspace/exams/midterm/practice/displayTable.php on line 43
[18-Oct-2017 00:49:53 UTC] PHP Stack trace:
[18-Oct-2017 00:49:53 UTC] PHP   1. {main}() /home/ubuntu/workspace/exams/midterm/practice/displayTable.php:0
[18-Oct-2017 00:49:53 UTC] PHP   2. array_rand() /home/ubuntu/workspace/exams/midterm/practice/displayTable.php:43
[18-Oct-2017 00:49:53 UTC] PHP Warning:  array_rand() expects parameter 1 to be array, boolean given in /home/ubuntu/workspace/exams/midterm/practice/displayTable.php on line 43
[18-Oct-2017 00:49:53 UTC] PHP Stack trace:
[18-Oct-2017 00:49:53 UTC] PHP   1. {main}() /home/ubuntu/workspace/exams/midterm/practice/displayTable.php:0
[18-Oct-2017 00:49:53 UTC] PHP   2. array_rand() /home/ubuntu/workspace/exams/midterm/practice/displayTable.php:43
[18-Oct-2017 00:49:53 UTC] PHP Warning:  array_rand() expects parameter 1 to be array, boolean given in /home/ubuntu/workspace/exams/midterm/practice/displayTable.php on line 43
[18-Oct-2017 00:49:53 UTC] PHP Stack trace:
[18-Oct-2017 00:49:53 UTC] PHP   1. {main}() /home/ubuntu/workspace/exams/midterm/practice/displayTable.php:0
[18-Oct-2017 00:49:53 UTC] PHP   2. array_rand() /home/ubuntu/workspace/exams/midterm/practice/displayTable.php:43
[18-Oct-2017 00:49:53 UTC] PHP Warning:  array_rand() expects parameter 1 to be array, boolean given in /home/ubuntu/workspace/exams/midterm/practice/displayTable.php on line 43
[18-Oct-2017 00:49:53 UTC] PHP Stack trace:
[18-Oct-2017 00:49:53 UTC] PHP   1. {main}() /home/ubuntu/workspace/exams/midterm/practice/displayTable.php:0
[18-Oct-2017 00:49:53 UTC] PHP   2. array_rand() /home/ubuntu/workspace/exams/midterm/practice/displayTable.php:43
[18-Oct-2017 00:49:53 UTC] PHP Warning:  array_rand() expects parameter 1 to be array, boolean given in /home/ubuntu/workspace/exams/midterm/practice/displayTable.php on line 43
[18-Oct-2017 00:49:53 UTC] PHP Stack trace:
[18-Oct-2017 00:49:53 UTC] PHP   1. {main}() /home/ubuntu/workspace/exams/midterm/practice/displayTable.php:0
[18-Oct-2017 00:49:53 UTC] PHP   2. array_rand() /home/ubuntu/workspace/exams/midterm/practice/displayTable.php:43
[18-Oct-2017 00:49:53 UTC] PHP Warning:  array_rand() expects parameter 1 to be array, boolean given in /home/ubuntu/workspace/exams/midterm/practice/displayTable.php on line 43
[18-Oct-2017 00:49:53 UTC] PHP Stack trace:
[18-Oct-2017 00:49:53 UTC] PHP   1. {main}() /home/ubuntu/workspace/exams/midterm/practice/displayTable.php:0
[18-Oct-2017 00:49:53 UTC] PHP   2. array_rand() /home/ubuntu/workspace/exams/midterm/practice/displayTable.php:43
[18-Oct-2017 00:49:53 UTC] PHP Warning:  array_rand() expects parameter 1 to be array, boolean given in /home/ubuntu/workspace/exams/midterm/practice/displayTable.php on line 43
[18-Oct-2017 00:49:53 UTC] PHP Stack trace:
[18-Oct-2017 00:49:53 UTC] PHP   1. {main}() /home/ubuntu/workspace/exams/midterm/practice/displayTable.php:0
[18-Oct-2017 00:49:53 UTC] PHP   2. array_rand() /home/ubuntu/workspace/exams/midterm/practice/displayTable.php:43
[18-Oct-2017 00:49:53 UTC] PHP Warning:  array_rand() expects parameter 1 to be array, boolean given in /home/ubuntu/workspace/exams/midterm/practice/displayTable.php on line 43
[18-Oct-2017 00:49:53 UTC] PHP Stack trace:
[18-Oct-2017 00:49:53 UTC] PHP   1. {main}() /home/ubuntu/workspace/exams/midterm/practice/displayTable.php:0
[18-Oct-2017 00:49:53 UTC] PHP   2. array_rand() /home/ubuntu/workspace/exams/midterm/practice/displayTable.php:43
[18-Oct-2017 00:49:53 UTC] PHP Warning:  array_rand() expects parameter 1 to be array, boolean given in /home/ubuntu/workspace/exams/midterm/practice/displayTable.php on line 43
[18-Oct-2017 00:49:53 UTC] PHP Stack trace:
[18-Oct-2017 00:49:53 UTC] PHP   1. {main}() /home/ubuntu/workspace/exams/midterm/practice/displayTable.php:0
[18-Oct-2017 00:49:53 UTC] PHP   2. array_rand() /home/ubuntu/workspace/exams/midterm/practice/displayTable.php:43
[18-Oct-2017 01:33:53 UTC] PHP Parse error:  syntax error, unexpected '{' in /home/ubuntu/workspace/exams/midterm/practice/practice_program1.php on line 2
[18-Oct-2017 01:33:53 UTC] PHP Stack trace:
[18-Oct-2017 01:33:53 UTC] PHP   1. {main}() /home/ubuntu/workspace/exams/midterm/practice/displayTable.php:0
[18-Oct-2017 01:34:41 UTC] PHP Parse error:  syntax error, unexpected '{' in /home/ubuntu/workspace/exams/midterm/practice/practice_program1.php on line 3
[18-Oct-2017 01:34:41 UTC] PHP Stack trace:
[18-Oct-2017 01:34:41 UTC] PHP   1. {main}() /home/ubuntu/workspace/exams/midterm/practice/displayTable.php:0
[18-Oct-2017 01:34:53 UTC] PHP Fatal error:  Cannot use isset() on the result of an expression (you can use "null !== expression" instead) in /home/ubuntu/workspace/exams/midterm/practice/practice_program1.php on line 3
[18-Oct-2017 01:34:53 UTC] PHP Stack trace:
[18-Oct-2017 01:34:53 UTC] PHP   1. {main}() /home/ubuntu/workspace/exams/midterm/practice/displayTable.php:0
[18-Oct-2017 01:35:14 UTC] PHP Parse error:  syntax error, unexpected ')' in /home/ubuntu/workspace/exams/midterm/practice/practice_program1.php on line 4
[18-Oct-2017 01:35:14 UTC] PHP Stack trace:
[18-Oct-2017 01:35:14 UTC] PHP   1. {main}() /home/ubuntu/workspace/exams/midterm/practice/displayTable.php:0
[18-Oct-2017 01:35:26 UTC] PHP Parse error:  syntax error, unexpected '===' (T_IS_IDENTICAL) in /home/ubuntu/workspace/exams/midterm/practice/practice_program1.php on line 4
[18-Oct-2017 01:35:26 UTC] PHP Stack trace:
[18-Oct-2017 01:35:26 UTC] PHP   1. {main}() /home/ubuntu/workspace/exams/midterm/practice/displayTable.php:0
[18-Oct-2017 01:35:35 UTC] PHP Parse error:  syntax error, unexpected '==' (T_IS_EQUAL) in /home/ubuntu/workspace/exams/midterm/practice/practice_program1.php on line 4
[18-Oct-2017 01:35:35 UTC] PHP Stack trace:
[18-Oct-2017 01:35:35 UTC] PHP   1. {main}() /home/ubuntu/workspace/exams/midterm/practice/displayTable.php:0
[18-Oct-2017 01:36:09 UTC] PHP Parse error:  syntax error, unexpected '===' (T_IS_IDENTICAL) in /home/ubuntu/workspace/exams/midterm/practice/practice_program1.php on line 4
[18-Oct-2017 01:36:09 UTC] PHP Stack trace:
[18-Oct-2017 01:36:09 UTC] PHP   1. {main}() /home/ubuntu/workspace/exams/midterm/practice/displayTable.php:0
[18-Oct-2017 01:37:04 UTC] PHP Parse error:  syntax error, unexpected ')' in /home/ubuntu/workspace/exams/midterm/practice/practice_program1.php on line 4
[18-Oct-2017 01:37:04 UTC] PHP Stack trace:
[18-Oct-2017 01:37:04 UTC] PHP   1. {main}() /home/ubuntu/workspace/exams/midterm/practice/displayTable.php:0
[18-Oct-2017 02:24:00 UTC] PHP Parse error:  syntax error, unexpected '}' in /home/ubuntu/workspace/exams/midterm/practice/practice_program1.php on line 22
[18-Oct-2017 02:34:15 UTC] PHP Parse error:  syntax error, unexpected '}' in /home/ubuntu/workspace/exams/midterm/practice/practice_program1.php on line 27
[18-Oct-2017 02:42:41 UTC] PHP Warning:  Missing argument 1 for createTable(), called in /home/ubuntu/workspace/exams/midterm/practice/practice_program1.php on line 89 and defined in /home/ubuntu/workspace/exams/midterm/practice/practice_program1.php on line 12
[18-Oct-2017 02:42:41 UTC] PHP Stack trace:
[18-Oct-2017 02:42:41 UTC] PHP   1. {main}() /home/ubuntu/workspace/exams/midterm/practice/practice_program1.php:0
[18-Oct-2017 02:42:41 UTC] PHP   2. createTable() /home/ubuntu/workspace/exams/midterm/practice/practice_program1.php:89
[18-Oct-2017 02:42:41 UTC] PHP Warning:  Missing argument 2 for createTable(), called in /home/ubuntu/workspace/exams/midterm/practice/practice_program1.php on line 89 and defined in /home/ubuntu/workspace/exams/midterm/practice/practice_program1.php on line 12
[18-Oct-2017 02:42:41 UTC] PHP Stack trace:
[18-Oct-2017 02:42:41 UTC] PHP   1. {main}() /home/ubuntu/workspace/exams/midterm/practice/practice_program1.php:0
[18-Oct-2017 02:42:41 UTC] PHP   2. createTable() /home/ubuntu/workspace/exams/midterm/practice/practice_program1.php:89
[18-Oct-2017 02:42:41 UTC] PHP Warning:  Missing argument 3 for createTable(), called in /home/ubuntu/workspace/exams/midterm/practice/practice_program1.php on line 89 and defined in /home/ubuntu/workspace/exams/midterm/practice/practice_program1.php on line 12
[18-Oct-2017 02:42:41 UTC] PHP Stack trace:
[18-Oct-2017 02:42:41 UTC] PHP   1. {main}() /home/ubuntu/workspace/exams/midterm/practice/practice_program1.php:0
[18-Oct-2017 02:42:41 UTC] PHP   2. createTable() /home/ubuntu/workspace/exams/midterm/practice/practice_program1.php:89
[18-Oct-2017 02:43:32 UTC] PHP Warning:  Missing argument 1 for createTable(), called in /home/ubuntu/workspace/exams/midterm/practice/practice_program1.php on line 91 and defined in /home/ubuntu/workspace/exams/midterm/practice/practice_program1.php on line 12
[18-Oct-2017 02:43:32 UTC] PHP Stack trace:
[18-Oct-2017 02:43:32 UTC] PHP   1. {main}() /home/ubuntu/workspace/exams/midterm/practice/practice_program1.php:0
[18-Oct-2017 02:43:32 UTC] PHP   2. createTable() /home/ubuntu/workspace/exams/midterm/practice/practice_program1.php:91
[18-Oct-2017 02:43:32 UTC] PHP Warning:  Missing argument 2 for createTable(), called in /home/ubuntu/workspace/exams/midterm/practice/practice_program1.php on line 91 and defined in /home/ubuntu/workspace/exams/midterm/practice/practice_program1.php on line 12
[18-Oct-2017 02:43:32 UTC] PHP Stack trace:
[18-Oct-2017 02:43:32 UTC] PHP   1. {main}() /home/ubuntu/workspace/exams/midterm/practice/practice_program1.php:0
[18-Oct-2017 02:43:32 UTC] PHP   2. createTable() /home/ubuntu/workspace/exams/midterm/practice/practice_program1.php:91
[18-Oct-2017 02:43:32 UTC] PHP Warning:  Missing argument 3 for createTable(), called in /home/ubuntu/workspace/exams/midterm/practice/practice_program1.php on line 91 and defined in /home/ubuntu/workspace/exams/midterm/practice/practice_program1.php on line 12
[18-Oct-2017 02:43:32 UTC] PHP Stack trace:
[18-Oct-2017 02:43:32 UTC] PHP   1. {main}() /home/ubuntu/workspace/exams/midterm/practice/practice_program1.php:0
[18-Oct-2017 02:43:32 UTC] PHP   2. createTable() /home/ubuntu/workspace/exams/midterm/practice/practice_program1.php:91
[18-Oct-2017 02:43:33 UTC] PHP Warning:  Missing argument 1 for createTable(), called in /home/ubuntu/workspace/exams/midterm/practice/practice_program1.php on line 91 and defined in /home/ubuntu/workspace/exams/midterm/practice/practice_program1.php on line 12
[18-Oct-2017 02:43:33 UTC] PHP Stack trace:
[18-Oct-2017 02:43:33 UTC] PHP   1. {main}() /home/ubuntu/workspace/exams/midterm/practice/practice_program1.php:0
[18-Oct-2017 02:43:33 UTC] PHP   2. createTable() /home/ubuntu/workspace/exams/midterm/practice/practice_program1.php:91
[18-Oct-2017 02:43:33 UTC] PHP Warning:  Missing argument 2 for createTable(), called in /home/ubuntu/workspace/exams/midterm/practice/practice_program1.php on line 91 and defined in /home/ubuntu/workspace/exams/midterm/practice/practice_program1.php on line 12
[18-Oct-2017 02:43:33 UTC] PHP Stack trace:
[18-Oct-2017 02:43:33 UTC] PHP   1. {main}() /home/ubuntu/workspace/exams/midterm/practice/practice_program1.php:0
[18-Oct-2017 02:43:33 UTC] PHP   2. createTable() /home/ubuntu/workspace/exams/midterm/practice/practice_program1.php:91
[18-Oct-2017 02:43:33 UTC] PHP Warning:  Missing argument 3 for createTable(), called in /home/ubuntu/workspace/exams/midterm/practice/practice_program1.php on line 91 and defined in /home/ubuntu/workspace/exams/midterm/practice/practice_program1.php on line 12
[18-Oct-2017 02:43:33 UTC] PHP Stack trace:
[18-Oct-2017 02:43:33 UTC] PHP   1. {main}() /home/ubuntu/workspace/exams/midterm/practice/practice_program1.php:0
[18-Oct-2017 02:43:33 UTC] PHP   2. createTable() /home/ubuntu/workspace/exams/midterm/practice/practice_program1.php:91
[18-Oct-2017 02:43:43 UTC] PHP Warning:  Missing argument 1 for createTable(), called in /home/ubuntu/workspace/exams/midterm/practice/practice_program1.php on line 91 and defined in /home/ubuntu/workspace/exams/midterm/practice/practice_program1.php on line 12
[18-Oct-2017 02:43:44 UTC] PHP Stack trace:
[18-Oct-2017 02:43:44 UTC] PHP   1. {main}() /home/ubuntu/workspace/exams/midterm/practice/practice_program1.php:0
[18-Oct-2017 02:43:44 UTC] PHP   2. createTable() /home/ubuntu/workspace/exams/midterm/practice/practice_program1.php:91
[18-Oct-2017 02:43:44 UTC] PHP Warning:  Missing argument 2 for createTable(), called in /home/ubuntu/workspace/exams/midterm/practice/practice_program1.php on line 91 and defined in /home/ubuntu/workspace/exams/midterm/practice/practice_program1.php on line 12
[18-Oct-2017 02:43:44 UTC] PHP Stack trace:
[18-Oct-2017 02:43:44 UTC] PHP   1. {main}() /home/ubuntu/workspace/exams/midterm/practice/practice_program1.php:0
[18-Oct-2017 02:43:44 UTC] PHP   2. createTable() /home/ubuntu/workspace/exams/midterm/practice/practice_program1.php:91
[18-Oct-2017 02:43:44 UTC] PHP Warning:  Missing argument 3 for createTable(), called in /home/ubuntu/workspace/exams/midterm/practice/practice_program1.php on line 91 and defined in /home/ubuntu/workspace/exams/midterm/practice/practice_program1.php on line 12
[18-Oct-2017 02:43:44 UTC] PHP Stack trace:
[18-Oct-2017 02:43:44 UTC] PHP   1. {main}() /home/ubuntu/workspace/exams/midterm/practice/practice_program1.php:0
[18-Oct-2017 02:43:44 UTC] PHP   2. createTable() /home/ubuntu/workspace/exams/midterm/practice/practice_program1.php:91
[18-Oct-2017 02:44:00 UTC] PHP Warning:  Missing argument 1 for createTable(), called in /home/ubuntu/workspace/exams/midterm/practice/practice_program1.php on line 91 and defined in /home/ubuntu/workspace/exams/midterm/practice/practice_program1.php on line 12
[18-Oct-2017 02:44:00 UTC] PHP Stack trace:
[18-Oct-2017 02:44:00 UTC] PHP   1. {main}() /home/ubuntu/workspace/exams/midterm/practice/practice_program1.php:0
[18-Oct-2017 02:44:00 UTC] PHP   2. createTable() /home/ubuntu/workspace/exams/midterm/practice/practice_program1.php:91
[18-Oct-2017 02:44:00 UTC] PHP Warning:  Missing argument 2 for createTable(), called in /home/ubuntu/workspace/exams/midterm/practice/practice_program1.php on line 91 and defined in /home/ubuntu/workspace/exams/midterm/practice/practice_program1.php on line 12
[18-Oct-2017 02:44:00 UTC] PHP Stack trace:
[18-Oct-2017 02:44:00 UTC] PHP   1. {main}() /home/ubuntu/workspace/exams/midterm/practice/practice_program1.php:0
[18-Oct-2017 02:44:00 UTC] PHP   2. createTable() /home/ubuntu/workspace/exams/midterm/practice/practice_program1.php:91
[18-Oct-2017 02:44:00 UTC] PHP Warning:  Missing argument 3 for createTable(), called in /home/ubuntu/workspace/exams/midterm/practice/practice_program1.php on line 91 and defined in /home/ubuntu/workspace/exams/midterm/practice/practice_program1.php on line 12
[18-Oct-2017 02:44:00 UTC] PHP Stack trace:
[18-Oct-2017 02:44:00 UTC] PHP   1. {main}() /home/ubuntu/workspace/exams/midterm/practice/practice_program1.php:0
[18-Oct-2017 02:44:00 UTC] PHP   2. createTable() /home/ubuntu/workspace/exams/midterm/practice/practice_program1.php:91
[18-Oct-2017 03:01:39 UTC] PHP Parse error:  syntax error, unexpected '[', expecting ']' in /home/ubuntu/workspace/exams/midterm/practice/practice_program1.php on line 43
[18-Oct-2017 03:03:13 UTC] PHP Parse error:  syntax error, unexpected '{', expecting ']' in /home/ubuntu/workspace/exams/midterm/practice/practice_program1.php on line 44
[18-Oct-2017 03:31:03 UTC] PHP Warning:  array_chunk() expects at least 2 parameters, 1 given in /home/ubuntu/workspace/exams/midterm/practice/practice_program1.php on line 22
[18-Oct-2017 03:31:03 UTC] PHP Stack trace:
[18-Oct-2017 03:31:03 UTC] PHP   1. {main}() /home/ubuntu/workspace/exams/midterm/practice/practice_program1.php:0
[18-Oct-2017 03:31:03 UTC] PHP   2. showTable() /home/ubuntu/workspace/exams/midterm/practice/practice_program1.php:108
[18-Oct-2017 03:31:03 UTC] PHP   3. createTable() /home/ubuntu/workspace/exams/midterm/practice/practice_program1.php:42
[18-Oct-2017 03:31:03 UTC] PHP   4. array_chunk() /home/ubuntu/workspace/exams/midterm/practice/practice_program1.php:22
[18-Oct-2017 03:53:18 UTC] PHP Parse error:  syntax error, unexpected ';' in /home/ubuntu/workspace/exams/midterm/practice/practice_program1.php on line 24
[18-Oct-2017 04:22:07 UTC] PHP Warning:  print_r() expects at least 1 parameter, 0 given in /home/ubuntu/workspace/exams/midterm/practice/practice_program1.php on line 33
[18-Oct-2017 04:22:07 UTC] PHP Stack trace:
[18-Oct-2017 04:22:07 UTC] PHP   1. {main}() /home/ubuntu/workspace/exams/midterm/practice/practice_program1.php:0
[18-Oct-2017 04:22:07 UTC] PHP   2. showTable() /home/ubuntu/workspace/exams/midterm/practice/practice_program1.php:121
[18-Oct-2017 04:22:07 UTC] PHP   3. createTable() /home/ubuntu/workspace/exams/midterm/practice/practice_program1.php:55
[18-Oct-2017 04:22:07 UTC] PHP   4. print_r() /home/ubuntu/workspace/exams/midterm/practice/practice_program1.php:33
[18-Oct-2017 04:22:20 UTC] PHP Warning:  print_r() expects at least 1 parameter, 0 given in /home/ubuntu/workspace/exams/midterm/practice/practice_program1.php on line 33
[18-Oct-2017 04:22:20 UTC] PHP Stack trace:
[18-Oct-2017 04:22:20 UTC] PHP   1. {main}() /home/ubuntu/workspace/exams/midterm/practice/practice_program1.php:0
[18-Oct-2017 04:22:20 UTC] PHP   2. showTable() /home/ubuntu/workspace/exams/midterm/practice/practice_program1.php:121
[18-Oct-2017 04:22:20 UTC] PHP   3. createTable() /home/ubuntu/workspace/exams/midterm/practice/practice_program1.php:55
[18-Oct-2017 04:22:20 UTC] PHP   4. print_r() /home/ubuntu/workspace/exams/midterm/practice/practice_program1.php:33
[18-Oct-2017 04:23:08 UTC] PHP Warning:  print_r() expects at least 1 parameter, 0 given in /home/ubuntu/workspace/exams/midterm/practice/practice_program1.php on line 34
[18-Oct-2017 04:23:08 UTC] PHP Stack trace:
[18-Oct-2017 04:23:08 UTC] PHP   1. {main}() /home/ubuntu/workspace/exams/midterm/practice/practice_program1.php:0
[18-Oct-2017 04:23:08 UTC] PHP   2. showTable() /home/ubuntu/workspace/exams/midterm/practice/practice_program1.php:122
[18-Oct-2017 04:23:08 UTC] PHP   3. createTable() /home/ubuntu/workspace/exams/midterm/practice/practice_program1.php:56
[18-Oct-2017 04:23:08 UTC] PHP   4. print_r() /home/ubuntu/workspace/exams/midterm/practice/practice_program1.php:34
[18-Oct-2017 04:30:25 UTC] PHP Warning:  Illegal offset type in /home/ubuntu/workspace/exams/midterm/practice/practice_program1.php on line 63
[18-Oct-2017 04:30:25 UTC] PHP Stack trace:
[18-Oct-2017 04:30:25 UTC] PHP   1. {main}() /home/ubuntu/workspace/exams/midterm/practice/practice_program1.php:0
[18-Oct-2017 04:30:25 UTC] PHP   2. showTable() /home/ubuntu/workspace/exams/midterm/practice/practice_program1.php:123
[18-Oct-2017 04:30:25 UTC] PHP Warning:  Illegal offset type in /home/ubuntu/workspace/exams/midterm/practice/practice_program1.php on line 63
[18-Oct-2017 04:30:25 UTC] PHP Stack trace:
[18-Oct-2017 04:30:25 UTC] PHP   1. {main}() /home/ubuntu/workspace/exams/midterm/practice/practice_program1.php:0
[18-Oct-2017 04:30:25 UTC] PHP   2. showTable() /home/ubuntu/workspace/exams/midterm/practice/practice_program1.php:123
[18-Oct-2017 04:30:25 UTC] PHP Warning:  Illegal offset type in /home/ubuntu/workspace/exams/midterm/practice/practice_program1.php on line 63
[18-Oct-2017 04:30:25 UTC] PHP Stack trace:
[18-Oct-2017 04:30:25 UTC] PHP   1. {main}() /home/ubuntu/workspace/exams/midterm/practice/practice_program1.php:0
[18-Oct-2017 04:30:25 UTC] PHP   2. showTable() /home/ubuntu/workspace/exams/midterm/practice/practice_program1.php:123
[18-Oct-2017 04:30:25 UTC] PHP Warning:  Illegal offset type in /home/ubuntu/workspace/exams/midterm/practice/practice_program1.php on line 63
[18-Oct-2017 04:30:25 UTC] PHP Stack trace:
[18-Oct-2017 04:30:25 UTC] PHP   1. {main}() /home/ubuntu/workspace/exams/midterm/practice/practice_program1.php:0
[18-Oct-2017 04:30:25 UTC] PHP   2. showTable() /home/ubuntu/workspace/exams/midterm/practice/practice_program1.php:123
[18-Oct-2017 04:30:25 UTC] PHP Warning:  Illegal offset type in /home/ubuntu/workspace/exams/midterm/practice/practice_program1.php on line 63
[18-Oct-2017 04:30:25 UTC] PHP Stack trace:
[18-Oct-2017 04:30:25 UTC] PHP   1. {main}() /home/ubuntu/workspace/exams/midterm/practice/practice_program1.php:0
[18-Oct-2017 04:30:25 UTC] PHP   2. showTable() /home/ubuntu/workspace/exams/midterm/practice/practice_program1.php:123
[18-Oct-2017 04:30:25 UTC] PHP Warning:  Illegal offset type in /home/ubuntu/workspace/exams/midterm/practice/practice_program1.php on line 63
[18-Oct-2017 04:30:25 UTC] PHP Stack trace:
[18-Oct-2017 04:30:25 UTC] PHP   1. {main}() /home/ubuntu/workspace/exams/midterm/practice/practice_program1.php:0
[18-Oct-2017 04:30:25 UTC] PHP   2. showTable() /home/ubuntu/workspace/exams/midterm/practice/practice_program1.php:123
[18-Oct-2017 04:30:25 UTC] PHP Warning:  Illegal offset type in /home/ubuntu/workspace/exams/midterm/practice/practice_program1.php on line 63
[18-Oct-2017 04:30:25 UTC] PHP Stack trace:
[18-Oct-2017 04:30:25 UTC] PHP   1. {main}() /home/ubuntu/workspace/exams/midterm/practice/practice_program1.php:0
[18-Oct-2017 04:30:25 UTC] PHP   2. showTable() /home/ubuntu/workspace/exams/midterm/practice/practice_program1.php:123
[18-Oct-2017 04:30:25 UTC] PHP Warning:  Illegal offset type in /home/ubuntu/workspace/exams/midterm/practice/practice_program1.php on line 63
[18-Oct-2017 04:30:25 UTC] PHP Stack trace:
[18-Oct-2017 04:30:25 UTC] PHP   1. {main}() /home/ubuntu/workspace/exams/midterm/practice/practice_program1.php:0
[18-Oct-2017 04:30:25 UTC] PHP   2. showTable() /home/ubuntu/workspace/exams/midterm/practice/practice_program1.php:123
[18-Oct-2017 04:30:25 UTC] PHP Warning:  Illegal offset type in /home/ubuntu/workspace/exams/midterm/practice/practice_program1.php on line 63
[18-Oct-2017 04:30:25 UTC] PHP Stack trace:
[18-Oct-2017 04:30:25 UTC] PHP   1. {main}() /home/ubuntu/workspace/exams/midterm/practice/practice_program1.php:0
[18-Oct-2017 04:30:25 UTC] PHP   2. showTable() /home/ubuntu/workspace/exams/midterm/practice/practice_program1.php:123
[18-Oct-2017 04:30:25 UTC] PHP Warning:  Illegal offset type in /home/ubuntu/workspace/exams/midterm/practice/practice_program1.php on line 63
[18-Oct-2017 04:30:25 UTC] PHP Stack trace:
[18-Oct-2017 04:30:25 UTC] PHP   1. {main}() /home/ubuntu/workspace/exams/midterm/practice/practice_program1.php:0
[18-Oct-2017 04:30:25 UTC] PHP   2. showTable() /home/ubuntu/workspace/exams/midterm/practice/practice_program1.php:123
[18-Oct-2017 04:30:25 UTC] PHP Warning:  Illegal offset type in /home/ubuntu/workspace/exams/midterm/practice/practice_program1.php on line 63
[18-Oct-2017 04:30:25 UTC] PHP Stack trace:
[18-Oct-2017 04:30:25 UTC] PHP   1. {main}() /home/ubuntu/workspace/exams/midterm/practice/practice_program1.php:0
[18-Oct-2017 04:30:25 UTC] PHP   2. showTable() /home/ubuntu/workspace/exams/midterm/practice/practice_program1.php:123
[18-Oct-2017 04:30:25 UTC] PHP Warning:  Illegal offset type in /home/ubuntu/workspace/exams/midterm/practice/practice_program1.php on line 63
[18-Oct-2017 04:30:25 UTC] PHP Stack trace:
[18-Oct-2017 04:30:25 UTC] PHP   1. {main}() /home/ubuntu/workspace/exams/midterm/practice/practice_program1.php:0
[18-Oct-2017 04:30:25 UTC] PHP   2. showTable() /home/ubuntu/workspace/exams/midterm/practice/practice_program1.php:123
[18-Oct-2017 04:30:25 UTC] PHP Warning:  Illegal offset type in /home/ubuntu/workspace/exams/midterm/practice/practice_program1.php on line 63
[18-Oct-2017 04:30:25 UTC] PHP Stack trace:
[18-Oct-2017 04:30:25 UTC] PHP   1. {main}() /home/ubuntu/workspace/exams/midterm/practice/practice_program1.php:0
[18-Oct-2017 04:30:25 UTC] PHP   2. showTable() /home/ubuntu/workspace/exams/midterm/practice/practice_program1.php:123
[18-Oct-2017 04:30:25 UTC] PHP Warning:  Illegal offset type in /home/ubuntu/workspace/exams/midterm/practice/practice_program1.php on line 63
[18-Oct-2017 04:30:25 UTC] PHP Stack trace:
[18-Oct-2017 04:30:25 UTC] PHP   1. {main}() /home/ubuntu/workspace/exams/midterm/practice/practice_program1.php:0
[18-Oct-2017 04:30:25 UTC] PHP   2. showTable() /home/ubuntu/workspace/exams/midterm/practice/practice_program1.php:123
[18-Oct-2017 04:30:25 UTC] PHP Warning:  Illegal offset type in /home/ubuntu/workspace/exams/midterm/practice/practice_program1.php on line 63
[18-Oct-2017 04:30:25 UTC] PHP Stack trace:
[18-Oct-2017 04:30:25 UTC] PHP   1. {main}() /home/ubuntu/workspace/exams/midterm/practice/practice_program1.php:0
[18-Oct-2017 04:30:25 UTC] PHP   2. showTable() /home/ubuntu/workspace/exams/midterm/practice/practice_program1.php:123
[18-Oct-2017 04:30:25 UTC] PHP Warning:  Illegal offset type in /home/ubuntu/workspace/exams/midterm/practice/practice_program1.php on line 63
[18-Oct-2017 04:30:25 UTC] PHP Stack trace:
[18-Oct-2017 04:30:25 UTC] PHP   1. {main}() /home/ubuntu/workspace/exams/midterm/practice/practice_program1.php:0
[18-Oct-2017 04:30:25 UTC] PHP   2. showTable() /home/ubuntu/workspace/exams/midterm/practice/practice_program1.php:123
[18-Oct-2017 04:30:25 UTC] PHP Warning:  Illegal offset type in /home/ubuntu/workspace/exams/midterm/practice/practice_program1.php on line 63
[18-Oct-2017 04:30:25 UTC] PHP Stack trace:
[18-Oct-2017 04:30:25 UTC] PHP   1. {main}() /home/ubuntu/workspace/exams/midterm/practice/practice_program1.php:0
[18-Oct-2017 04:30:25 UTC] PHP   2. showTable() /home/ubuntu/workspace/exams/midterm/practice/practice_program1.php:123
[18-Oct-2017 04:30:25 UTC] PHP Warning:  Illegal offset type in /home/ubuntu/workspace/exams/midterm/practice/practice_program1.php on line 63
[18-Oct-2017 04:30:25 UTC] PHP Stack trace:
[18-Oct-2017 04:30:25 UTC] PHP   1. {main}() /home/ubuntu/workspace/exams/midterm/practice/practice_program1.php:0
[18-Oct-2017 04:30:25 UTC] PHP   2. showTable() /home/ubuntu/workspace/exams/midterm/practice/practice_program1.php:123
[18-Oct-2017 04:30:25 UTC] PHP Warning:  Illegal offset type in /home/ubuntu/workspace/exams/midterm/practice/practice_program1.php on line 63
[18-Oct-2017 04:30:25 UTC] PHP Stack trace:
[18-Oct-2017 04:30:25 UTC] PHP   1. {main}() /home/ubuntu/workspace/exams/midterm/practice/practice_program1.php:0
[18-Oct-2017 04:30:25 UTC] PHP   2. showTable() /home/ubuntu/workspace/exams/midterm/practice/practice_program1.php:123
[18-Oct-2017 04:30:25 UTC] PHP Warning:  Illegal offset type in /home/ubuntu/workspace/exams/midterm/practice/practice_program1.php on line 63
[18-Oct-2017 04:30:25 UTC] PHP Stack trace:
[18-Oct-2017 04:30:25 UTC] PHP   1. {main}() /home/ubuntu/workspace/exams/midterm/practice/practice_program1.php:0
[18-Oct-2017 04:30:25 UTC] PHP   2. showTable() /home/ubuntu/workspace/exams/midterm/practice/practice_program1.php:123
[18-Oct-2017 04:30:25 UTC] PHP Warning:  Illegal offset type in /home/ubuntu/workspace/exams/midterm/practice/practice_program1.php on line 63
[18-Oct-2017 04:30:25 UTC] PHP Stack trace:
[18-Oct-2017 04:30:25 UTC] PHP   1. {main}() /home/ubuntu/workspace/exams/midterm/practice/practice_program1.php:0
[18-Oct-2017 04:30:25 UTC] PHP   2. showTable() /home/ubuntu/workspace/exams/midterm/practice/practice_program1.php:123
[18-Oct-2017 04:30:25 UTC] PHP Warning:  Illegal offset type in /home/ubuntu/workspace/exams/midterm/practice/practice_program1.php on line 63
[18-Oct-2017 04:30:25 UTC] PHP Stack trace:
[18-Oct-2017 04:30:25 UTC] PHP   1. {main}() /home/ubuntu/workspace/exams/midterm/practice/practice_program1.php:0
[18-Oct-2017 04:30:25 UTC] PHP   2. showTable() /home/ubuntu/workspace/exams/midterm/practice/practice_program1.php:123
[18-Oct-2017 04:30:25 UTC] PHP Warning:  Illegal offset type in /home/ubuntu/workspace/exams/midterm/practice/practice_program1.php on line 63
[18-Oct-2017 04:30:25 UTC] PHP Stack trace:
[18-Oct-2017 04:30:25 UTC] PHP   1. {main}() /home/ubuntu/workspace/exams/midterm/practice/practice_program1.php:0
[18-Oct-2017 04:30:25 UTC] PHP   2. showTable() /home/ubuntu/workspace/exams/midterm/practice/practice_program1.php:123
[18-Oct-2017 04:30:25 UTC] PHP Warning:  Illegal offset type in /home/ubuntu/workspace/exams/midterm/practice/practice_program1.php on line 63
[18-Oct-2017 04:30:25 UTC] PHP Stack trace:
[18-Oct-2017 04:30:25 UTC] PHP   1. {main}() /home/ubuntu/workspace/exams/midterm/practice/practice_program1.php:0
[18-Oct-2017 04:30:25 UTC] PHP   2. showTable() /home/ubuntu/workspace/exams/midterm/practice/practice_program1.php:123
[18-Oct-2017 04:30:25 UTC] PHP Warning:  Illegal offset type in /home/ubuntu/workspace/exams/midterm/practice/practice_program1.php on line 63
[18-Oct-2017 04:30:25 UTC] PHP Stack trace:
[18-Oct-2017 04:30:25 UTC] PHP   1. {main}() /home/ubuntu/workspace/exams/midterm/practice/practice_program1.php:0
[18-Oct-2017 04:30:25 UTC] PHP   2. showTable() /home/ubuntu/workspace/exams/midterm/practice/practice_program1.php:123
[18-Oct-2017 04:30:25 UTC] PHP Warning:  Illegal offset type in /home/ubuntu/workspace/exams/midterm/practice/practice_program1.php on line 63
[18-Oct-2017 04:30:25 UTC] PHP Stack trace:
[18-Oct-2017 04:30:25 UTC] PHP   1. {main}() /home/ubuntu/workspace/exams/midterm/practice/practice_program1.php:0
[18-Oct-2017 04:30:25 UTC] PHP   2. showTable() /home/ubuntu/workspace/exams/midterm/practice/practice_program1.php:123
[18-Oct-2017 04:30:25 UTC] PHP Warning:  Illegal offset type in /home/ubuntu/workspace/exams/midterm/practice/practice_program1.php on line 63
[18-Oct-2017 04:30:25 UTC] PHP Stack trace:
[18-Oct-2017 04:30:25 UTC] PHP   1. {main}() /home/ubuntu/workspace/exams/midterm/practice/practice_program1.php:0
[18-Oct-2017 04:30:25 UTC] PHP   2. showTable() /home/ubuntu/workspace/exams/midterm/practice/practice_program1.php:123
[18-Oct-2017 04:30:25 UTC] PHP Warning:  Illegal offset type in /home/ubuntu/workspace/exams/midterm/practice/practice_program1.php on line 63
[18-Oct-2017 04:30:25 UTC] PHP Stack trace:
[18-Oct-2017 04:30:25 UTC] PHP   1. {main}() /home/ubuntu/workspace/exams/midterm/practice/practice_program1.php:0
[18-Oct-2017 04:30:25 UTC] PHP   2. showTable() /home/ubuntu/workspace/exams/midterm/practice/practice_program1.php:123
[18-Oct-2017 04:30:25 UTC] PHP Warning:  Illegal offset type in /home/ubuntu/workspace/exams/midterm/practice/practice_program1.php on line 63
[18-Oct-2017 04:30:25 UTC] PHP Stack trace:
[18-Oct-2017 04:30:25 UTC] PHP   1. {main}() /home/ubuntu/workspace/exams/midterm/practice/practice_program1.php:0
[18-Oct-2017 04:30:25 UTC] PHP   2. showTable() /home/ubuntu/workspace/exams/midterm/practice/practice_program1.php:123
[18-Oct-2017 04:30:25 UTC] PHP Warning:  Illegal offset type in /home/ubuntu/workspace/exams/midterm/practice/practice_program1.php on line 63
[18-Oct-2017 04:30:25 UTC] PHP Stack trace:
[18-Oct-2017 04:30:25 UTC] PHP   1. {main}() /home/ubuntu/workspace/exams/midterm/practice/practice_program1.php:0
[18-Oct-2017 04:30:25 UTC] PHP   2. showTable() /home/ubuntu/workspace/exams/midterm/practice/practice_program1.php:123
[18-Oct-2017 04:30:25 UTC] PHP Warning:  Illegal offset type in /home/ubuntu/workspace/exams/midterm/practice/practice_program1.php on line 63
[18-Oct-2017 04:30:25 UTC] PHP Stack trace:
[18-Oct-2017 04:30:25 UTC] PHP   1. {main}() /home/ubuntu/workspace/exams/midterm/practice/practice_program1.php:0
[18-Oct-2017 04:30:25 UTC] PHP   2. showTable() /home/ubuntu/workspace/exams/midterm/practice/practice_program1.php:123
[18-Oct-2017 04:30:25 UTC] PHP Warning:  Illegal offset type in /home/ubuntu/workspace/exams/midterm/practice/practice_program1.php on line 63
[18-Oct-2017 04:30:25 UTC] PHP Stack trace:
[18-Oct-2017 04:30:25 UTC] PHP   1. {main}() /home/ubuntu/workspace/exams/midterm/practice/practice_program1.php:0
[18-Oct-2017 04:30:25 UTC] PHP   2. showTable() /home/ubuntu/workspace/exams/midterm/practice/practice_program1.php:123
[18-Oct-2017 04:30:25 UTC] PHP Warning:  Illegal offset type in /home/ubuntu/workspace/exams/midterm/practice/practice_program1.php on line 63
[18-Oct-2017 04:30:25 UTC] PHP Stack trace:
[18-Oct-2017 04:30:25 UTC] PHP   1. {main}() /home/ubuntu/workspace/exams/midterm/practice/practice_program1.php:0
[18-Oct-2017 04:30:25 UTC] PHP   2. showTable() /home/ubuntu/workspace/exams/midterm/practice/practice_program1.php:123
[18-Oct-2017 04:30:25 UTC] PHP Warning:  Illegal offset type in /home/ubuntu/workspace/exams/midterm/practice/practice_program1.php on line 63
[18-Oct-2017 04:30:25 UTC] PHP Stack trace:
[18-Oct-2017 04:30:25 UTC] PHP   1. {main}() /home/ubuntu/workspace/exams/midterm/practice/practice_program1.php:0
[18-Oct-2017 04:30:25 UTC] PHP   2. showTable() /home/ubuntu/workspace/exams/midterm/practice/practice_program1.php:123
[18-Oct-2017 04:30:25 UTC] PHP Warning:  Illegal offset type in /home/ubuntu/workspace/exams/midterm/practice/practice_program1.php on line 63
[18-Oct-2017 04:30:25 UTC] PHP Stack trace:
[18-Oct-2017 04:30:25 UTC] PHP   1. {main}() /home/ubuntu/workspace/exams/midterm/practice/practice_program1.php:0
[18-Oct-2017 04:30:25 UTC] PHP   2. showTable() /home/ubuntu/workspace/exams/midterm/practice/practice_program1.php:123
[18-Oct-2017 04:30:25 UTC] PHP Warning:  Illegal offset type in /home/ubuntu/workspace/exams/midterm/practice/practice_program1.php on line 63
[18-Oct-2017 04:30:25 UTC] PHP Stack trace:
[18-Oct-2017 04:30:25 UTC] PHP   1. {main}() /home/ubuntu/workspace/exams/midterm/practice/practice_program1.php:0
[18-Oct-2017 04:30:25 UTC] PHP   2. showTable() /home/ubuntu/workspace/exams/midterm/practice/practice_program1.php:123
[19-Oct-2017 13:59:28 UTC] PHP Warning:  include(../../dbConnection): failed to open stream: No such file or directory in /home/ubuntu/workspace/exams/midterm/practice/practice_program2.php on line 2
[19-Oct-2017 13:59:28 UTC] PHP Stack trace:
[19-Oct-2017 13:59:28 UTC] PHP   1. {main}() /home/ubuntu/workspace/exams/midterm/practice/practice_program2.php:0
[19-Oct-2017 13:59:28 UTC] PHP Warning:  include(): Failed opening '../../dbConnection' for inclusion (include_path='.:/usr/share/php:/usr/share/pear') in /home/ubuntu/workspace/exams/midterm/practice/practice_program2.php on line 2
[19-Oct-2017 13:59:28 UTC] PHP Stack trace:
[19-Oct-2017 13:59:28 UTC] PHP   1. {main}() /home/ubuntu/workspace/exams/midterm/practice/practice_program2.php:0
[19-Oct-2017 13:59:28 UTC] PHP Fatal error:  Call to undefined function getDatabaseConnection() in /home/ubuntu/workspace/exams/midterm/practice/practice_program2.php on line 3
[19-Oct-2017 13:59:28 UTC] PHP Stack trace:
[19-Oct-2017 13:59:28 UTC] PHP   1. {main}() /home/ubuntu/workspace/exams/midterm/practice/practice_program2.php:0
[19-Oct-2017 13:59:48 UTC] PHP Warning:  include(../../../dbConnection): failed to open stream: No such file or directory in /home/ubuntu/workspace/exams/midterm/practice/practice_program2.php on line 2
[19-Oct-2017 13:59:48 UTC] PHP Stack trace:
[19-Oct-2017 13:59:48 UTC] PHP   1. {main}() /home/ubuntu/workspace/exams/midterm/practice/practice_program2.php:0
[19-Oct-2017 13:59:48 UTC] PHP Warning:  include(): Failed opening '../../../dbConnection' for inclusion (include_path='.:/usr/share/php:/usr/share/pear') in /home/ubuntu/workspace/exams/midterm/practice/practice_program2.php on line 2
[19-Oct-2017 13:59:48 UTC] PHP Stack trace:
[19-Oct-2017 13:59:48 UTC] PHP   1. {main}() /home/ubuntu/workspace/exams/midterm/practice/practice_program2.php:0
[19-Oct-2017 13:59:48 UTC] PHP Fatal error:  Call to undefined function getDatabaseConnection() in /home/ubuntu/workspace/exams/midterm/practice/practice_program2.php on line 3
[19-Oct-2017 13:59:48 UTC] PHP Stack trace:
[19-Oct-2017 13:59:48 UTC] PHP   1. {main}() /home/ubuntu/workspace/exams/midterm/practice/practice_program2.php:0
[19-Oct-2017 14:00:02 UTC] PHP Warning:  include(../../dbConnection.php): failed to open stream: No such file or directory in /home/ubuntu/workspace/exams/midterm/practice/practice_program2.php on line 2
[19-Oct-2017 14:00:02 UTC] PHP Stack trace:
[19-Oct-2017 14:00:02 UTC] PHP   1. {main}() /home/ubuntu/workspace/exams/midterm/practice/practice_program2.php:0
[19-Oct-2017 14:00:02 UTC] PHP Warning:  include(): Failed opening '../../dbConnection.php' for inclusion (include_path='.:/usr/share/php:/usr/share/pear') in /home/ubuntu/workspace/exams/midterm/practice/practice_program2.php on line 2
[19-Oct-2017 14:00:02 UTC] PHP Stack trace:
[19-Oct-2017 14:00:02 UTC] PHP   1. {main}() /home/ubuntu/workspace/exams/midterm/practice/practice_program2.php:0
[19-Oct-2017 14:00:02 UTC] PHP Fatal error:  Call to undefined function getDatabaseConnection() in /home/ubuntu/workspace/exams/midterm/practice/practice_program2.php on line 3
[19-Oct-2017 14:00:02 UTC] PHP Stack trace:
[19-Oct-2017 14:00:02 UTC] PHP   1. {main}() /home/ubuntu/workspace/exams/midterm/practice/practice_program2.php:0
[19-Oct-2017 14:00:03 UTC] PHP Warning:  include(../../dbConnection.php): failed to open stream: No such file or directory in /home/ubuntu/workspace/exams/midterm/practice/practice_program2.php on line 2
[19-Oct-2017 14:00:03 UTC] PHP Stack trace:
[19-Oct-2017 14:00:03 UTC] PHP   1. {main}() /home/ubuntu/workspace/exams/midterm/practice/practice_program2.php:0
[19-Oct-2017 14:00:03 UTC] PHP Warning:  include(): Failed opening '../../dbConnection.php' for inclusion (include_path='.:/usr/share/php:/usr/share/pear') in /home/ubuntu/workspace/exams/midterm/practice/practice_program2.php on line 2
[19-Oct-2017 14:00:03 UTC] PHP Stack trace:
[19-Oct-2017 14:00:03 UTC] PHP   1. {main}() /home/ubuntu/workspace/exams/midterm/practice/practice_program2.php:0
[19-Oct-2017 14:00:03 UTC] PHP Fatal error:  Call to undefined function getDatabaseConnection() in /home/ubuntu/workspace/exams/midterm/practice/practice_program2.php on line 3
[19-Oct-2017 14:00:03 UTC] PHP Stack trace:
[19-Oct-2017 14:00:03 UTC] PHP   1. {main}() /home/ubuntu/workspace/exams/midterm/practice/practice_program2.php:0
[19-Oct-2017 14:00:46 UTC] PHP Fatal error:  Uncaught exception 'PDOException' with message 'SQLSTATE[42000]: Syntax error or access violation: 1064 You have an error in your SQL syntax; check the manual that corresponds to your MySQL server version for the right syntax to use near 'town_name FROM mp_town WHERE population >= 50000 AND population <= 80000' at line 1' in /home/ubuntu/workspace/exams/midterm/practice/practice_program2.php:10
Stack trace:
#0 /home/ubuntu/workspace/exams/midterm/practice/practice_program2.php(10): PDOStatement->execute()
#1 /home/ubuntu/workspace/exams/midterm/practice/practice_program2.php(28): getData()
#2 {main}
  thrown in /home/ubuntu/workspace/exams/midterm/practice/practice_program2.php on line 10
[19-Oct-2017 14:02:42 UTC] PHP Fatal error:  Uncaught exception 'PDOException' with message 'SQLSTATE[42000]: Syntax error or access violation: 1064 You have an error in your SQL syntax; check the manual that corresponds to your MySQL server version for the right syntax to use near 'town_name FROM mp_town WHERE population BETWEEN 50000 AND 80000' at line 1' in /home/ubuntu/workspace/exams/midterm/practice/practice_program2.php:10
Stack trace:
#0 /home/ubuntu/workspace/exams/midterm/practice/practice_program2.php(10): PDOStatement->execute()
#1 /home/ubuntu/workspace/exams/midterm/practice/practice_program2.php(28): getData()
#2 {main}
  thrown in /home/ubuntu/workspace/exams/midterm/practice/practice_program2.php on line 10
[19-Oct-2017 14:02:58 UTC] PHP Fatal error:  Uncaught exception 'PDOException' with message 'SQLSTATE[42000]: Syntax error or access violation: 1064 You have an error in your SQL syntax; check the manual that corresponds to your MySQL server version for the right syntax to use near 'town_name FROM `mp_town` WHERE population BETWEEN 50000 AND 80000' at line 1' in /home/ubuntu/workspace/exams/midterm/practice/practice_program2.php:10
Stack trace:
#0 /home/ubuntu/workspace/exams/midterm/practice/practice_program2.php(10): PDOStatement->execute()
#1 /home/ubuntu/workspace/exams/midterm/practice/practice_program2.php(28): getData()
#2 {main}
  thrown in /home/ubuntu/workspace/exams/midterm/practice/practice_program2.php on line 10
[19-Oct-2017 14:03:50 UTC] PHP Fatal error:  Uncaught exception 'PDOException' with message 'SQLSTATE[42S02]: Base table or view not found: 1146 Table 'quotes.mp_town' doesn't exist' in /home/ubuntu/workspace/exams/midterm/practice/practice_program2.php:10
Stack trace:
#0 /home/ubuntu/workspace/exams/midterm/practice/practice_program2.php(10): PDOStatement->execute()
#1 /home/ubuntu/workspace/exams/midterm/practice/practice_program2.php(28): getData()
#2 {main}
  thrown in /home/ubuntu/workspace/exams/midterm/practice/practice_program2.php on line 10
[19-Oct-2017 14:04:48 UTC] PHP Fatal error:  Uncaught exception 'PDOException' with message 'SQLSTATE[HY000] [1049] Unknown database 'midterm'' in /home/ubuntu/workspace/dbConnection.php:17
Stack trace:
#0 /home/ubuntu/workspace/dbConnection.php(17): PDO->__construct('mysql:host=loca...', 'maliking', '')
#1 /home/ubuntu/workspace/exams/midterm/practice/practice_program2.php(3): getDatabaseConnection('midterm')
#2 {main}
  thrown in /home/ubuntu/workspace/dbConnection.php on line 17
[19-Oct-2017 14:04:49 UTC] PHP Fatal error:  Uncaught exception 'PDOException' with message 'SQLSTATE[HY000] [1049] Unknown database 'midterm'' in /home/ubuntu/workspace/dbConnection.php:17
Stack trace:
#0 /home/ubuntu/workspace/dbConnection.php(17): PDO->__construct('mysql:host=loca...', 'maliking', '')
#1 /home/ubuntu/workspace/exams/midterm/practice/practice_program2.php(3): getDatabaseConnection('midterm')
#2 {main}
  thrown in /home/ubuntu/workspace/dbConnection.php on line 17
[19-Oct-2017 14:05:27 UTC] PHP Fatal error:  Uncaught exception 'PDOException' with message 'SQLSTATE[HY000] [1049] Unknown database 'midterm'' in /home/ubuntu/workspace/dbConnection.php:17
Stack trace:
#0 /home/ubuntu/workspace/dbConnection.php(17): PDO->__construct('mysql:host=loca...', 'maliking', '')
#1 /home/ubuntu/workspace/exams/midterm/practice/practice_program2.php(4): getDatabaseConnection('midterm')
#2 {main}
  thrown in /home/ubuntu/workspace/dbConnection.php on line 17
[19-Oct-2017 14:05:28 UTC] PHP Fatal error:  Uncaught exception 'PDOException' with message 'SQLSTATE[HY000] [1049] Unknown database 'midterm'' in /home/ubuntu/workspace/dbConnection.php:17
Stack trace:
#0 /home/ubuntu/workspace/dbConnection.php(17): PDO->__construct('mysql:host=loca...', 'maliking', '')
#1 /home/ubuntu/workspace/exams/midterm/practice/practice_program2.php(4): getDatabaseConnection('midterm')
#2 {main}
  thrown in /home/ubuntu/workspace/dbConnection.php on line 17
[19-Oct-2017 14:06:06 UTC] PHP Fatal error:  Uncaught exception 'PDOException' with message 'SQLSTATE[HY000] [1049] Unknown database 'midterm'' in /home/ubuntu/workspace/dbConnection.php:18
Stack trace:
#0 /home/ubuntu/workspace/dbConnection.php(18): PDO->__construct('mysql:host=loca...', 'maliking', '')
#1 /home/ubuntu/workspace/exams/midterm/practice/practice_program2.php(4): getDatabaseConnection('midterm')
#2 {main}
  thrown in /home/ubuntu/workspace/dbConnection.php on line 18
[19-Oct-2017 14:06:07 UTC] PHP Fatal error:  Uncaught exception 'PDOException' with message 'SQLSTATE[HY000] [1049] Unknown database 'midterm'' in /home/ubuntu/workspace/dbConnection.php:18
Stack trace:
#0 /home/ubuntu/workspace/dbConnection.php(18): PDO->__construct('mysql:host=loca...', 'maliking', '')
#1 /home/ubuntu/workspace/exams/midterm/practice/practice_program2.php(4): getDatabaseConnection('midterm')
#2 {main}
  thrown in /home/ubuntu/workspace/dbConnection.php on line 18
[19-Oct-2017 14:06:17 UTC] PHP Warning:  Missing argument 1 for getDatabaseConnection(), called in /home/ubuntu/workspace/exams/midterm/practice/practice_program2.php on line 4 and defined in /home/ubuntu/workspace/dbConnection.php on line 2
[19-Oct-2017 14:06:17 UTC] PHP Stack trace:
[19-Oct-2017 14:06:17 UTC] PHP   1. {main}() /home/ubuntu/workspace/exams/midterm/practice/practice_program2.php:0
[19-Oct-2017 14:06:17 UTC] PHP   2. getDatabaseConnection() /home/ubuntu/workspace/exams/midterm/practice/practice_program2.php:4
[19-Oct-2017 14:06:17 UTC] PHP Fatal error:  Uncaught exception 'PDOException' with message 'SQLSTATE[HY000] [1049] Unknown database 'midterm'' in /home/ubuntu/workspace/dbConnection.php:18
Stack trace:
#0 /home/ubuntu/workspace/dbConnection.php(18): PDO->__construct('mysql:host=loca...', 'maliking', '')
#1 /home/ubuntu/workspace/exams/midterm/practice/practice_program2.php(4): getDatabaseConnection()
#2 {main}
  thrown in /home/ubuntu/workspace/dbConnection.php on line 18
[19-Oct-2017 14:06:39 UTC] PHP Fatal error:  Uncaught exception 'PDOException' with message 'SQLSTATE[HY000] [1049] Unknown database 'midterm'' in /home/ubuntu/workspace/dbConnection.php:17
Stack trace:
#0 /home/ubuntu/workspace/dbConnection.php(17): PDO->__construct('mysql:host=loca...', 'maliking', '')
#1 /home/ubuntu/workspace/exams/midterm/practice/practice_program2.php(4): getDatabaseConnection()
#2 {main}
  thrown in /home/ubuntu/workspace/dbConnection.php on line 17
[19-Oct-2017 14:06:40 UTC] PHP Fatal error:  Uncaught exception 'PDOException' with message 'SQLSTATE[HY000] [1049] Unknown database 'midterm'' in /home/ubuntu/workspace/dbConnection.php:17
Stack trace:
#0 /home/ubuntu/workspace/dbConnection.php(17): PDO->__construct('mysql:host=loca...', 'maliking', '')
#1 /home/ubuntu/workspace/exams/midterm/practice/practice_program2.php(4): getDatabaseConnection()
#2 {main}
  thrown in /home/ubuntu/workspace/dbConnection.php on line 17
[19-Oct-2017 14:07:55 UTC] PHP Fatal error:  Uncaught exception 'PDOException' with message 'SQLSTATE[HY000] [1049] Unknown database 'midterm'' in /home/ubuntu/workspace/dbConnection.php:17
Stack trace:
#0 /home/ubuntu/workspace/dbConnection.php(17): PDO->__construct('mysql:host=loca...', 'maliking', '')
#1 /home/ubuntu/workspace/exams/midterm/practice/practice_program2.php(4): getDatabaseConnection()
#2 {main}
  thrown in /home/ubuntu/workspace/dbConnection.php on line 17
[19-Oct-2017 14:07:56 UTC] PHP Fatal error:  Uncaught exception 'PDOException' with message 'SQLSTATE[HY000] [1049] Unknown database 'midterm'' in /home/ubuntu/workspace/dbConnection.php:17
Stack trace:
#0 /home/ubuntu/workspace/dbConnection.php(17): PDO->__construct('mysql:host=loca...', 'maliking', '')
#1 /home/ubuntu/workspace/exams/midterm/practice/practice_program2.php(4): getDatabaseConnection()
#2 {main}
  thrown in /home/ubuntu/workspace/dbConnection.php on line 17
[19-Oct-2017 14:10:01 UTC] PHP Fatal error:  Uncaught exception 'PDOException' with message 'SQLSTATE[HY000] [2002] Connection timed out' in /home/ubuntu/workspace/dbConnection.php:17
Stack trace:
#0 /home/ubuntu/workspace/dbConnection.php(17): PDO->__construct('mysql:host=12.0...', 'maliking', '')
#1 /home/ubuntu/workspace/exams/midterm/practice/practice_program2.php(4): getDatabaseConnection()
#2 {main}
  thrown in /home/ubuntu/workspace/dbConnection.php on line 17
[19-Oct-2017 14:10:16 UTC] PHP Fatal error:  Uncaught exception 'PDOException' with message 'SQLSTATE[HY000] [1049] Unknown database 'midterm'' in /home/ubuntu/workspace/dbConnection.php:17
Stack trace:
#0 /home/ubuntu/workspace/dbConnection.php(17): PDO->__construct('mysql:host=loca...', 'maliking', '')
#1 /home/ubuntu/workspace/exams/midterm/practice/practice_program2.php(4): getDatabaseConnection()
#2 {main}
  thrown in /home/ubuntu/workspace/dbConnection.php on line 17
[19-Oct-2017 14:10:59 UTC] PHP Fatal error:  Uncaught exception 'PDOException' with message 'SQLSTATE[HY000] [2002] Connection timed out' in /home/ubuntu/workspace/dbConnection.php:17
Stack trace:
#0 /home/ubuntu/workspace/dbConnection.php(17): PDO->__construct('mysql:host=12.0...', 'maliking', '')
#1 /home/ubuntu/workspace/exams/midterm/practice/practice_program2.php(4): getDatabaseConnection()
#2 {main}
  thrown in /home/ubuntu/workspace/dbConnection.php on line 17
[19-Oct-2017 14:11:14 UTC] PHP Fatal error:  Uncaught exception 'PDOException' with message 'SQLSTATE[HY000] [1049] Unknown database 'midterm'' in /home/ubuntu/workspace/dbConnection.php:17
Stack trace:
#0 /home/ubuntu/workspace/dbConnection.php(17): PDO->__construct('mysql:host=loca...', 'maliking', '')
#1 /home/ubuntu/workspace/exams/midterm/practice/practice_program2.php(3): getDatabaseConnection()
#2 {main}
  thrown in /home/ubuntu/workspace/dbConnection.php on line 17
[19-Oct-2017 14:13:58 UTC] PHP Fatal error:  Uncaught exception 'PDOException' with message 'SQLSTATE[HY000] [1049] Unknown database 'midterm'' in /home/ubuntu/workspace/dbConnection.php:17
Stack trace:
#0 /home/ubuntu/workspace/dbConnection.php(17): PDO->__construct('mysql:host=loca...', 'maliking', '')
#1 /home/ubuntu/workspace/exams/midterm/practice/practice_program2.php(3): getDatabaseConnection()
#2 {main}
  thrown in /home/ubuntu/workspace/dbConnection.php on line 17
[19-Oct-2017 14:13:59 UTC] PHP Fatal error:  Uncaught exception 'PDOException' with message 'SQLSTATE[HY000] [1049] Unknown database 'midterm'' in /home/ubuntu/workspace/dbConnection.php:17
Stack trace:
#0 /home/ubuntu/workspace/dbConnection.php(17): PDO->__construct('mysql:host=loca...', 'maliking', '')
#1 /home/ubuntu/workspace/exams/midterm/practice/practice_program2.php(3): getDatabaseConnection()
#2 {main}
  thrown in /home/ubuntu/workspace/dbConnection.php on line 17
[19-Oct-2017 14:14:29 UTC] PHP Fatal error:  Uncaught exception 'PDOException' with message 'SQLSTATE[HY000] [1049] Unknown database 'midterm'' in /home/ubuntu/workspace/dbConnection.php:17
Stack trace:
#0 /home/ubuntu/workspace/dbConnection.php(17): PDO->__construct('mysql:host=loca...', 'root', '')
#1 /home/ubuntu/workspace/exams/midterm/practice/practice_program2.php(3): getDatabaseConnection()
#2 {main}
  thrown in /home/ubuntu/workspace/dbConnection.php on line 17
[19-Oct-2017 14:14:30 UTC] PHP Fatal error:  Uncaught exception 'PDOException' with message 'SQLSTATE[HY000] [1049] Unknown database 'midterm'' in /home/ubuntu/workspace/dbConnection.php:17
Stack trace:
#0 /home/ubuntu/workspace/dbConnection.php(17): PDO->__construct('mysql:host=loca...', 'root', '')
#1 /home/ubuntu/workspace/exams/midterm/practice/practice_program2.php(3): getDatabaseConnection()
#2 {main}
  thrown in /home/ubuntu/workspace/dbConnection.php on line 17
[19-Oct-2017 14:14:31 UTC] PHP Fatal error:  Uncaught exception 'PDOException' with message 'SQLSTATE[HY000] [1049] Unknown database 'midterm'' in /home/ubuntu/workspace/dbConnection.php:17
Stack trace:
#0 /home/ubuntu/workspace/dbConnection.php(17): PDO->__construct('mysql:host=loca...', 'root', '')
#1 /home/ubuntu/workspace/exams/midterm/practice/practice_program2.php(3): getDatabaseConnection()
#2 {main}
  thrown in /home/ubuntu/workspace/dbConnection.php on line 17
[19-Oct-2017 14:15:37 UTC] PHP Fatal error:  Uncaught exception 'PDOException' with message 'SQLSTATE[HY000] [1049] Unknown database 'midterm'' in /home/ubuntu/workspace/dbConnection.php:17
Stack trace:
#0 /home/ubuntu/workspace/dbConnection.php(17): PDO->__construct('mysql:host=loca...', 'root', '')
#1 /home/ubuntu/workspace/exams/midterm/practice/practice_program2.php(3): getDatabaseConnection()
#2 {main}
  thrown in /home/ubuntu/workspace/dbConnection.php on line 17
[19-Oct-2017 14:17:23 UTC] PHP Fatal error:  Uncaught exception 'PDOException' with message 'SQLSTATE[HY000] [1049] Unknown database 'midterm'' in /home/ubuntu/workspace/dbConnection.php:17
Stack trace:
#0 /home/ubuntu/workspace/dbConnection.php(17): PDO->__construct('mysql:host=loca...', 'root', '')
#1 /home/ubuntu/workspace/exams/midterm/practice/practice_program2.php(3): getDatabaseConnection()
#2 {main}
  thrown in /home/ubuntu/workspace/dbConnection.php on line 17
[19-Oct-2017 14:17:24 UTC] PHP Fatal error:  Uncaught exception 'PDOException' with message 'SQLSTATE[HY000] [1049] Unknown database 'midterm'' in /home/ubuntu/workspace/dbConnection.php:17
Stack trace:
#0 /home/ubuntu/workspace/dbConnection.php(17): PDO->__construct('mysql:host=loca...', 'root', '')
#1 /home/ubuntu/workspace/exams/midterm/practice/practice_program2.php(3): getDatabaseConnection()
#2 {main}
  thrown in /home/ubuntu/workspace/dbConnection.php on line 17
[19-Oct-2017 14:35:39 UTC] PHP Fatal error:  Call to undefined function execute() in /home/ubuntu/workspace/exams/midterm/practice/practice_program2.php on line 20
[19-Oct-2017 14:35:39 UTC] PHP Stack trace:
[19-Oct-2017 14:35:39 UTC] PHP   1. {main}() /home/ubuntu/workspace/exams/midterm/practice/practice_program2.php:0
[19-Oct-2017 14:35:39 UTC] PHP   2. getData() /home/ubuntu/workspace/exams/midterm/practice/practice_program2.php:40
[19-Oct-2017 14:36:52 UTC] PHP Fatal error:  Call to undefined function execute() in /home/ubuntu/workspace/exams/midterm/practice/practice_program2.php on line 20
[19-Oct-2017 14:36:52 UTC] PHP Stack trace:
[19-Oct-2017 14:36:52 UTC] PHP   1. {main}() /home/ubuntu/workspace/exams/midterm/practice/practice_program2.php:0
[19-Oct-2017 14:36:52 UTC] PHP   2. getData() /home/ubuntu/workspace/exams/midterm/practice/practice_program2.php:40
[19-Oct-2017 14:40:52 UTC] PHP Fatal error:  Call to undefined function execute() in /home/ubuntu/workspace/exams/midterm/practice/practice_program2.php on line 20
[19-Oct-2017 14:40:52 UTC] PHP Stack trace:
[19-Oct-2017 14:40:52 UTC] PHP   1. {main}() /home/ubuntu/workspace/exams/midterm/practice/practice_program2.php:0
[19-Oct-2017 14:40:52 UTC] PHP   2. getData() /home/ubuntu/workspace/exams/midterm/practice/practice_program2.php:40
[19-Oct-2017 14:40:53 UTC] PHP Fatal error:  Call to undefined function execute() in /home/ubuntu/workspace/exams/midterm/practice/practice_program2.php on line 20
[19-Oct-2017 14:40:53 UTC] PHP Stack trace:
[19-Oct-2017 14:40:53 UTC] PHP   1. {main}() /home/ubuntu/workspace/exams/midterm/practice/practice_program2.php:0
[19-Oct-2017 14:40:53 UTC] PHP   2. getData() /home/ubuntu/workspace/exams/midterm/practice/practice_program2.php:40
[19-Oct-2017 14:41:17 UTC] PHP Fatal error:  Call to undefined function execute() in /home/ubuntu/workspace/exams/midterm/practice/practice_program2.php on line 20
[19-Oct-2017 14:41:17 UTC] PHP Stack trace:
[19-Oct-2017 14:41:17 UTC] PHP   1. {main}() /home/ubuntu/workspace/exams/midterm/practice/practice_program2.php:0
[19-Oct-2017 14:41:17 UTC] PHP   2. getData() /home/ubuntu/workspace/exams/midterm/practice/practice_program2.php:40
[19-Oct-2017 14:41:57 UTC] PHP Fatal error:  Call to undefined function execute() in /home/ubuntu/workspace/exams/midterm/practice/practice_program2.php on line 20
[19-Oct-2017 14:41:57 UTC] PHP Stack trace:
[19-Oct-2017 14:41:57 UTC] PHP   1. {main}() /home/ubuntu/workspace/exams/midterm/practice/practice_program2.php:0
[19-Oct-2017 14:41:57 UTC] PHP   2. getData() /home/ubuntu/workspace/exams/midterm/practice/practice_program2.php:40
[19-Oct-2017 14:41:58 UTC] PHP Fatal error:  Call to undefined function execute() in /home/ubuntu/workspace/exams/midterm/practice/practice_program2.php on line 20
[19-Oct-2017 14:41:58 UTC] PHP Stack trace:
[19-Oct-2017 14:41:58 UTC] PHP   1. {main}() /home/ubuntu/workspace/exams/midterm/practice/practice_program2.php:0
[19-Oct-2017 14:41:58 UTC] PHP   2. getData() /home/ubuntu/workspace/exams/midterm/practice/practice_program2.php:40
[19-Oct-2017 14:42:28 UTC] PHP Fatal error:  Call to undefined function execute() in /home/ubuntu/workspace/exams/midterm/practice/practice_program2.php on line 20
[19-Oct-2017 14:42:28 UTC] PHP Stack trace:
[19-Oct-2017 14:42:28 UTC] PHP   1. {main}() /home/ubuntu/workspace/exams/midterm/practice/practice_program2.php:0
[19-Oct-2017 14:42:28 UTC] PHP   2. getData() /home/ubuntu/workspace/exams/midterm/practice/practice_program2.php:40
[19-Oct-2017 14:42:30 UTC] PHP Fatal error:  Call to undefined function execute() in /home/ubuntu/workspace/exams/midterm/practice/practice_program2.php on line 20
[19-Oct-2017 14:42:30 UTC] PHP Stack trace:
[19-Oct-2017 14:42:30 UTC] PHP   1. {main}() /home/ubuntu/workspace/exams/midterm/practice/practice_program2.php:0
[19-Oct-2017 14:42:30 UTC] PHP   2. getData() /home/ubuntu/workspace/exams/midterm/practice/practice_program2.php:40
[19-Oct-2017 15:26:15 UTC] PHP Fatal error:  Uncaught exception 'PDOException' with message 'SQLSTATE[42S22]: Column not found: 1054 Unknown column 'state_name.mp_state' in 'field list'' in /home/ubuntu/workspace/exams/midterm/practice/practice_program2.php:79
Stack trace:
#0 /home/ubuntu/workspace/exams/midterm/practice/practice_program2.php(79): PDOStatement->execute()
#1 /home/ubuntu/workspace/exams/midterm/practice/practice_program2.php(123): getData()
#2 {main}
  thrown in /home/ubuntu/workspace/exams/midterm/practice/practice_program2.php on line 79
[19-Oct-2017 15:26:59 UTC] PHP Fatal error:  Uncaught exception 'PDOException' with message 'SQLSTATE[42S22]: Column not found: 1054 Unknown column 'state_name.mp_state' in 'field list'' in /home/ubuntu/workspace/exams/midterm/practice/practice_program2.php:79
Stack trace:
#0 /home/ubuntu/workspace/exams/midterm/practice/practice_program2.php(79): PDOStatement->execute()
#1 /home/ubuntu/workspace/exams/midterm/practice/practice_program2.php(123): getData()
#2 {main}
  thrown in /home/ubuntu/workspace/exams/midterm/practice/practice_program2.php on line 79
[19-Oct-2017 15:56:58 UTC] PHP Parse error:  syntax error, unexpected '<' in /home/ubuntu/workspace/exams/midterm/practice/practice_program1.php on line 45
[19-Oct-2017 15:57:52 UTC] PHP Parse error:  syntax error, unexpected '<' in /home/ubuntu/workspace/exams/midterm/practice/practice_program1.php on line 45
[19-Oct-2017 15:57:52 UTC] PHP Stack trace:
[19-Oct-2017 15:57:52 UTC] PHP   1. {main}() /home/ubuntu/workspace/exams/midterm/practice/displayTable.php:0
[19-Oct-2017 18:01:53 UTC] PHP Fatal error:  Uncaught exception 'PDOException' with message 'SQLSTATE[42S02]: Base table or view not found: 1146 Table 'quotes.m_students' doesn't exist' in /home/ubuntu/workspace/exams/midterm/program2/program2.php:14
Stack trace:
#0 /home/ubuntu/workspace/exams/midterm/program2/program2.php(14): PDOStatement->execute()
#1 /home/ubuntu/workspace/exams/midterm/program2/program2.php(35): getData()
#2 {main}
  thrown in /home/ubuntu/workspace/exams/midterm/program2/program2.php on line 14
[19-Oct-2017 18:09:05 UTC] PHP Fatal error:  Uncaught exception 'PDOException' with message 'SQLSTATE[42000]: Syntax error or access violation: 1064 You have an error in your SQL syntax; check the manual that corresponds to your MySQL server version for the right syntax to use near 'NATURAL JOIN m_gradebook
            GROUP BY lastName, firstName
            OR' at line 4' in /home/ubuntu/workspace/exams/midterm/program2/program2.php:38
Stack trace:
#0 /home/ubuntu/workspace/exams/midterm/program2/program2.php(38): PDOStatement->execute()
#1 /home/ubuntu/workspace/exams/midterm/program2/program2.php(62): getData()
#2 {main}
  thrown in /home/ubuntu/workspace/exams/midterm/program2/program2.php on line 38
[19-Oct-2017 18:11:43 UTC] PHP Fatal error:  Uncaught exception 'PDOException' with message 'SQLSTATE[42000]: Syntax error or access violation: 1064 You have an error in your SQL syntax; check the manual that corresponds to your MySQL server version for the right syntax to use near 'WHERE grade < 50
            FROM m_students

            INNER JOIN m_gradebook' at line 2' in /home/ubuntu/workspace/exams/midterm/program2/program2.php:40
Stack trace:
#0 /home/ubuntu/workspace/exams/midterm/program2/program2.php(40): PDOStatement->execute()
#1 /home/ubuntu/workspace/exams/midterm/program2/program2.php(64): getData()
#2 {main}
  thrown in /home/ubuntu/workspace/exams/midterm/program2/program2.php on line 40
[19-Oct-2017 18:12:03 UTC] PHP Fatal error:  Uncaught exception 'PDOException' with message 'SQLSTATE[42000]: Syntax error or access violation: 1064 You have an error in your SQL syntax; check the manual that corresponds to your MySQL server version for the right syntax to use near 'INNER JOIN m_gradebook ON m_students.studentId = m_gradebook.studentId
         ' at line 4' in /home/ubuntu/workspace/exams/midterm/program2/program2.php:39
Stack trace:
#0 /home/ubuntu/workspace/exams/midterm/program2/program2.php(39): PDOStatement->execute()
#1 /home/ubuntu/workspace/exams/midterm/program2/program2.php(63): getData()
#2 {main}
  thrown in /home/ubuntu/workspace/exams/midterm/program2/program2.php on line 39
[19-Oct-2017 18:12:54 UTC] PHP Fatal error:  Uncaught exception 'PDOException' with message 'SQLSTATE[42000]: Syntax error or access violation: 1064 You have an error in your SQL syntax; check the manual that corresponds to your MySQL server version for the right syntax to use near 'INNER JOIN m_gradebook ON m_students.studentId = m_gradebook.studentId
         ' at line 4' in /home/ubuntu/workspace/exams/midterm/program2/program2.php:39
Stack trace:
#0 /home/ubuntu/workspace/exams/midterm/program2/program2.php(39): PDOStatement->execute()
#1 /home/ubuntu/workspace/exams/midterm/program2/program2.php(63): getData()
#2 {main}
  thrown in /home/ubuntu/workspace/exams/midterm/program2/program2.php on line 39
[19-Oct-2017 18:12:55 UTC] PHP Fatal error:  Uncaught exception 'PDOException' with message 'SQLSTATE[42000]: Syntax error or access violation: 1064 You have an error in your SQL syntax; check the manual that corresponds to your MySQL server version for the right syntax to use near 'INNER JOIN m_gradebook ON m_students.studentId = m_gradebook.studentId
         ' at line 4' in /home/ubuntu/workspace/exams/midterm/program2/program2.php:39
Stack trace:
#0 /home/ubuntu/workspace/exams/midterm/program2/program2.php(39): PDOStatement->execute()
#1 /home/ubuntu/workspace/exams/midterm/program2/program2.php(63): getData()
#2 {main}
  thrown in /home/ubuntu/workspace/exams/midterm/program2/program2.php on line 39
[19-Oct-2017 18:15:18 UTC] PHP Fatal error:  Uncaught exception 'PDOException' with message 'SQLSTATE[42000]: Syntax error or access violation: 1064 You have an error in your SQL syntax; check the manual that corresponds to your MySQL server version for the right syntax to use near 'WHERE grade<50
            ORDER BY grade ASC' at line 5' in /home/ubuntu/workspace/exams/midterm/program2/program2.php:39
Stack trace:
#0 /home/ubuntu/workspace/exams/midterm/program2/program2.php(39): PDOStatement->execute()
#1 /home/ubuntu/workspace/exams/midterm/program2/program2.php(63): getData()
#2 {main}
  thrown in /home/ubuntu/workspace/exams/midterm/program2/program2.php on line 39
[19-Oct-2017 18:15:35 UTC] PHP Fatal error:  Uncaught exception 'PDOException' with message 'SQLSTATE[42000]: Syntax error or access violation: 1064 You have an error in your SQL syntax; check the manual that corresponds to your MySQL server version for the right syntax to use near 'INNER JOIN m_gradebook ON m_students.studentId = m_gradebook.studentId
         ' at line 4' in /home/ubuntu/workspace/exams/midterm/program2/program2.php:40
Stack trace:
#0 /home/ubuntu/workspace/exams/midterm/program2/program2.php(40): PDOStatement->execute()
#1 /home/ubuntu/workspace/exams/midterm/program2/program2.php(64): getData()
#2 {main}
  thrown in /home/ubuntu/workspace/exams/midterm/program2/program2.php on line 40
[19-Oct-2017 18:23:37 UTC] PHP Parse error:  syntax error, unexpected '"</td>"' (T_CONSTANT_ENCAPSED_STRING), expecting ',' or ';' in /home/ubuntu/workspace/exams/midterm/program2/program2.php on line 72
[19-Oct-2017 18:46:17 UTC] PHP Parse error:  syntax error, unexpected ']', expecting ')' in /home/ubuntu/workspace/exams/midterm/program1/program1.php on line 29
