[28-Nov-2017 07:14:34 UTC] PHP Fatal error:  Uncaught exception 'PDOException' with message 'SQLSTATE[42S22]: Column not found: 1054 Unknown column 'admin' in 'where clause'' in /home/ubuntu/workspace/hw/hw5/quiz.php:19
Stack trace:
#0 /home/ubuntu/workspace/hw/hw5/quiz.php(19): PDOStatement->execute()
#1 /home/ubuntu/workspace/hw/hw5/quiz.php(24): getUserInfo()
#2 {main}
  thrown in /home/ubuntu/workspace/hw/hw5/quiz.php on line 19
[28-Nov-2017 07:16:25 UTC] PHP Fatal error:  Uncaught exception 'PDOException' with message 'SQLSTATE[42S22]: Column not found: 1054 Unknown column 'admin' in 'where clause'' in /home/ubuntu/workspace/hw/hw5/quiz.php:19
Stack trace:
#0 /home/ubuntu/workspace/hw/hw5/quiz.php(19): PDOStatement->execute()
#1 /home/ubuntu/workspace/hw/hw5/quiz.php(24): getUserInfo()
#2 {main}
  thrown in /home/ubuntu/workspace/hw/hw5/quiz.php on line 19
[28-Nov-2017 07:16:47 UTC] PHP Fatal error:  Uncaught exception 'PDOException' with message 'SQLSTATE[42S22]: Column not found: 1054 Unknown column 'admin' in 'where clause'' in /home/ubuntu/workspace/hw/hw5/quiz.php:19
Stack trace:
#0 /home/ubuntu/workspace/hw/hw5/quiz.php(19): PDOStatement->execute()
#1 /home/ubuntu/workspace/hw/hw5/quiz.php(24): getUserInfo()
#2 {main}
  thrown in /home/ubuntu/workspace/hw/hw5/quiz.php on line 19
[28-Nov-2017 07:17:04 UTC] PHP Fatal error:  Uncaught exception 'PDOException' with message 'SQLSTATE[42S22]: Column not found: 1054 Unknown column 'admin' in 'where clause'' in /home/ubuntu/workspace/hw/hw5/quiz.php:19
Stack trace:
#0 /home/ubuntu/workspace/hw/hw5/quiz.php(19): PDOStatement->execute()
#1 /home/ubuntu/workspace/hw/hw5/quiz.php(24): getUserInfo()
#2 {main}
  thrown in /home/ubuntu/workspace/hw/hw5/quiz.php on line 19
[28-Nov-2017 07:18:02 UTC] PHP Fatal error:  Uncaught exception 'PDOException' with message 'SQLSTATE[42S22]: Column not found: 1054 Unknown column 'admin' in 'where clause'' in /home/ubuntu/workspace/hw/hw5/quiz.php:19
Stack trace:
#0 /home/ubuntu/workspace/hw/hw5/quiz.php(19): PDOStatement->execute()
#1 /home/ubuntu/workspace/hw/hw5/quiz.php(24): getUserInfo()
#2 {main}
  thrown in /home/ubuntu/workspace/hw/hw5/quiz.php on line 19
[28-Nov-2017 07:18:08 UTC] PHP Fatal error:  Uncaught exception 'PDOException' with message 'SQLSTATE[42S22]: Column not found: 1054 Unknown column 'admin' in 'where clause'' in /home/ubuntu/workspace/hw/hw5/quiz.php:19
Stack trace:
#0 /home/ubuntu/workspace/hw/hw5/quiz.php(19): PDOStatement->execute()
#1 /home/ubuntu/workspace/hw/hw5/quiz.php(24): getUserInfo()
#2 {main}
  thrown in /home/ubuntu/workspace/hw/hw5/quiz.php on line 19
[28-Nov-2017 07:18:11 UTC] PHP Fatal error:  Uncaught exception 'PDOException' with message 'SQLSTATE[42S22]: Column not found: 1054 Unknown column 'admin' in 'where clause'' in /home/ubuntu/workspace/hw/hw5/quiz.php:19
Stack trace:
#0 /home/ubuntu/workspace/hw/hw5/quiz.php(19): PDOStatement->execute()
#1 /home/ubuntu/workspace/hw/hw5/quiz.php(24): getUserInfo()
#2 {main}
  thrown in /home/ubuntu/workspace/hw/hw5/quiz.php on line 19
[28-Nov-2017 19:00:32 UTC] PHP Fatal error:  Uncaught exception 'PDOException' with message 'SQLSTATE[42S22]: Column not found: 1054 Unknown column 'admin' in 'where clause'' in /home/ubuntu/workspace/hw/hw5/quiz.php:19
Stack trace:
#0 /home/ubuntu/workspace/hw/hw5/quiz.php(19): PDOStatement->execute()
#1 /home/ubuntu/workspace/hw/hw5/quiz.php(24): getUserInfo()
#2 {main}
  thrown in /home/ubuntu/workspace/hw/hw5/quiz.php on line 19
[30-Nov-2017 19:42:41 UTC] PHP Fatal error:  Uncaught exception 'PDOException' with message 'SQLSTATE[42000]: Syntax error or access violation: 1064 You have an error in your SQL syntax; check the manual that corresponds to your MySQL server version for the right syntax to use near ')' at line 2' in /home/ubuntu/workspace/hw/hw5/insertScores.php:17
Stack trace:
#0 /home/ubuntu/workspace/hw/hw5/insertScores.php(17): PDOStatement->execute()
#1 {main}
  thrown in /home/ubuntu/workspace/hw/hw5/insertScores.php on line 17
[30-Nov-2017 19:45:29 UTC] PHP Fatal error:  Uncaught exception 'PDOException' with message 'SQLSTATE[42000]: Syntax error or access violation: 1064 You have an error in your SQL syntax; check the manual that corresponds to your MySQL server version for the right syntax to use near ')' at line 2' in /home/ubuntu/workspace/hw/hw5/insertScores.php:19
Stack trace:
#0 /home/ubuntu/workspace/hw/hw5/insertScores.php(19): PDOStatement->execute()
#1 {main}
  thrown in /home/ubuntu/workspace/hw/hw5/insertScores.php on line 19
[30-Nov-2017 19:46:40 UTC] PHP Fatal error:  Uncaught exception 'PDOException' with message 'SQLSTATE[42000]: Syntax error or access violation: 1064 You have an error in your SQL syntax; check the manual that corresponds to your MySQL server version for the right syntax to use near ')' at line 2' in /home/ubuntu/workspace/hw/hw5/insertScores.php:20
Stack trace:
#0 /home/ubuntu/workspace/hw/hw5/insertScores.php(20): PDOStatement->execute()
#1 {main}
  thrown in /home/ubuntu/workspace/hw/hw5/insertScores.php on line 20
[30-Nov-2017 19:46:43 UTC] PHP Fatal error:  Uncaught exception 'PDOException' with message 'SQLSTATE[42000]: Syntax error or access violation: 1064 You have an error in your SQL syntax; check the manual that corresponds to your MySQL server version for the right syntax to use near ')' at line 2' in /home/ubuntu/workspace/hw/hw5/insertScores.php:20
Stack trace:
#0 /home/ubuntu/workspace/hw/hw5/insertScores.php(20): PDOStatement->execute()
#1 {main}
  thrown in /home/ubuntu/workspace/hw/hw5/insertScores.php on line 20
[30-Nov-2017 19:47:19 UTC] PHP Fatal error:  Uncaught exception 'PDOException' with message 'SQLSTATE[42000]: Syntax error or access violation: 1064 You have an error in your SQL syntax; check the manual that corresponds to your MySQL server version for the right syntax to use near '0)' at line 2' in /home/ubuntu/workspace/hw/hw5/insertScores.php:20
Stack trace:
#0 /home/ubuntu/workspace/hw/hw5/insertScores.php(20): PDOStatement->execute()
#1 {main}
  thrown in /home/ubuntu/workspace/hw/hw5/insertScores.php on line 20
[30-Nov-2017 19:48:29 UTC] PHP Fatal error:  Uncaught exception 'PDOException' with message 'SQLSTATE[42000]: Syntax error or access violation: 1064 You have an error in your SQL syntax; check the manual that corresponds to your MySQL server version for the right syntax to use near ')' at line 2' in /home/ubuntu/workspace/hw/hw5/insertScores.php:20
Stack trace:
#0 /home/ubuntu/workspace/hw/hw5/insertScores.php(20): PDOStatement->execute()
#1 {main}
  thrown in /home/ubuntu/workspace/hw/hw5/insertScores.php on line 20
[30-Nov-2017 19:48:59 UTC] PHP Fatal error:  Uncaught exception 'PDOException' with message 'SQLSTATE[42000]: Syntax error or access violation: 1064 You have an error in your SQL syntax; check the manual that corresponds to your MySQL server version for the right syntax to use near ')' at line 2' in /home/ubuntu/workspace/hw/hw5/insertScores.php:20
Stack trace:
#0 /home/ubuntu/workspace/hw/hw5/insertScores.php(20): PDOStatement->execute()
#1 {main}
  thrown in /home/ubuntu/workspace/hw/hw5/insertScores.php on line 20
[30-Nov-2017 19:49:18 UTC] PHP Fatal error:  Uncaught exception 'PDOException' with message 'SQLSTATE[42000]: Syntax error or access violation: 1064 You have an error in your SQL syntax; check the manual that corresponds to your MySQL server version for the right syntax to use near ')' at line 2' in /home/ubuntu/workspace/hw/hw5/insertScores.php:19
Stack trace:
#0 /home/ubuntu/workspace/hw/hw5/insertScores.php(19): PDOStatement->execute()
#1 {main}
  thrown in /home/ubuntu/workspace/hw/hw5/insertScores.php on line 19
[30-Nov-2017 19:49:53 UTC] PHP Fatal error:  Uncaught exception 'PDOException' with message 'SQLSTATE[HY000]: General error' in /home/ubuntu/workspace/hw/hw5/insertScores.php:20
Stack trace:
#0 /home/ubuntu/workspace/hw/hw5/insertScores.php(20): PDOStatement->fetch(2)
#1 {main}
  thrown in /home/ubuntu/workspace/hw/hw5/insertScores.php on line 20
[30-Nov-2017 19:51:24 UTC] PHP Fatal error:  Uncaught exception 'PDOException' with message 'SQLSTATE[21S01]: Insert value list does not match column list: 1136 Column count doesn't match value count at row 1' in /home/ubuntu/workspace/hw/hw5/insertScores.php:19
Stack trace:
#0 /home/ubuntu/workspace/hw/hw5/insertScores.php(19): PDOStatement->execute()
#1 {main}
  thrown in /home/ubuntu/workspace/hw/hw5/insertScores.php on line 19
[30-Nov-2017 19:51:59 UTC] PHP Fatal error:  Uncaught exception 'PDOException' with message 'SQLSTATE[21S01]: Insert value list does not match column list: 1136 Column count doesn't match value count at row 1' in /home/ubuntu/workspace/hw/hw5/insertScores.php:19
Stack trace:
#0 /home/ubuntu/workspace/hw/hw5/insertScores.php(19): PDOStatement->execute()
#1 {main}
  thrown in /home/ubuntu/workspace/hw/hw5/insertScores.php on line 19
[30-Nov-2017 19:52:11 UTC] PHP Fatal error:  Uncaught exception 'PDOException' with message 'SQLSTATE[42000]: Syntax error or access violation: 1064 You have an error in your SQL syntax; check the manual that corresponds to your MySQL server version for the right syntax to use near '20)' at line 2' in /home/ubuntu/workspace/hw/hw5/insertScores.php:19
Stack trace:
#0 /home/ubuntu/workspace/hw/hw5/insertScores.php(19): PDOStatement->execute()
#1 {main}
  thrown in /home/ubuntu/workspace/hw/hw5/insertScores.php on line 19
[30-Nov-2017 19:52:15 UTC] PHP Fatal error:  Uncaught exception 'PDOException' with message 'SQLSTATE[42000]: Syntax error or access violation: 1064 You have an error in your SQL syntax; check the manual that corresponds to your MySQL server version for the right syntax to use near '20)' at line 2' in /home/ubuntu/workspace/hw/hw5/insertScores.php:19
Stack trace:
#0 /home/ubuntu/workspace/hw/hw5/insertScores.php(19): PDOStatement->execute()
#1 {main}
  thrown in /home/ubuntu/workspace/hw/hw5/insertScores.php on line 19
[30-Nov-2017 19:52:16 UTC] PHP Fatal error:  Uncaught exception 'PDOException' with message 'SQLSTATE[42000]: Syntax error or access violation: 1064 You have an error in your SQL syntax; check the manual that corresponds to your MySQL server version for the right syntax to use near '20)' at line 2' in /home/ubuntu/workspace/hw/hw5/insertScores.php:19
Stack trace:
#0 /home/ubuntu/workspace/hw/hw5/insertScores.php(19): PDOStatement->execute()
#1 {main}
  thrown in /home/ubuntu/workspace/hw/hw5/insertScores.php on line 19
[30-Nov-2017 19:52:16 UTC] PHP Fatal error:  Uncaught exception 'PDOException' with message 'SQLSTATE[42000]: Syntax error or access violation: 1064 You have an error in your SQL syntax; check the manual that corresponds to your MySQL server version for the right syntax to use near '20)' at line 2' in /home/ubuntu/workspace/hw/hw5/insertScores.php:19
Stack trace:
#0 /home/ubuntu/workspace/hw/hw5/insertScores.php(19): PDOStatement->execute()
#1 {main}
  thrown in /home/ubuntu/workspace/hw/hw5/insertScores.php on line 19
[30-Nov-2017 19:52:16 UTC] PHP Fatal error:  Uncaught exception 'PDOException' with message 'SQLSTATE[42000]: Syntax error or access violation: 1064 You have an error in your SQL syntax; check the manual that corresponds to your MySQL server version for the right syntax to use near '20)' at line 2' in /home/ubuntu/workspace/hw/hw5/insertScores.php:19
Stack trace:
#0 /home/ubuntu/workspace/hw/hw5/insertScores.php(19): PDOStatement->execute()
#1 {main}
  thrown in /home/ubuntu/workspace/hw/hw5/insertScores.php on line 19
[30-Nov-2017 19:52:48 UTC] PHP Fatal error:  Uncaught exception 'PDOException' with message 'SQLSTATE[42000]: Syntax error or access violation: 1064 You have an error in your SQL syntax; check the manual that corresponds to your MySQL server version for the right syntax to use near '20)' at line 2' in /home/ubuntu/workspace/hw/hw5/insertScores.php:20
Stack trace:
#0 /home/ubuntu/workspace/hw/hw5/insertScores.php(20): PDOStatement->execute()
#1 {main}
  thrown in /home/ubuntu/workspace/hw/hw5/insertScores.php on line 20
[30-Nov-2017 20:50:39 UTC] PHP Fatal error:  Uncaught exception 'PDOException' with message 'SQLSTATE[42000]: Syntax error or access violation: 1064 You have an error in your SQL syntax; check the manual that corresponds to your MySQL server version for the right syntax to use near '20)' at line 2' in /home/ubuntu/workspace/hw/hw5/insertScores.php:20
Stack trace:
#0 /home/ubuntu/workspace/hw/hw5/insertScores.php(20): PDOStatement->execute()
#1 {main}
  thrown in /home/ubuntu/workspace/hw/hw5/insertScores.php on line 20
[30-Nov-2017 20:51:33 UTC] PHP Fatal error:  Uncaught exception 'PDOException' with message 'SQLSTATE[42000]: Syntax error or access violation: 1064 You have an error in your SQL syntax; check the manual that corresponds to your MySQL server version for the right syntax to use near '20)' at line 2' in /home/ubuntu/workspace/hw/hw5/insertScores.php:20
Stack trace:
#0 /home/ubuntu/workspace/hw/hw5/insertScores.php(20): PDOStatement->execute()
#1 {main}
  thrown in /home/ubuntu/workspace/hw/hw5/insertScores.php on line 20
[30-Nov-2017 20:51:44 UTC] PHP Fatal error:  Uncaught exception 'PDOException' with message 'SQLSTATE[42000]: Syntax error or access violation: 1064 You have an error in your SQL syntax; check the manual that corresponds to your MySQL server version for the right syntax to use near '20)' at line 2' in /home/ubuntu/workspace/hw/hw5/insertScores.php:20
Stack trace:
#0 /home/ubuntu/workspace/hw/hw5/insertScores.php(20): PDOStatement->execute()
#1 {main}
  thrown in /home/ubuntu/workspace/hw/hw5/insertScores.php on line 20
[30-Nov-2017 20:51:45 UTC] PHP Fatal error:  Uncaught exception 'PDOException' with message 'SQLSTATE[42000]: Syntax error or access violation: 1064 You have an error in your SQL syntax; check the manual that corresponds to your MySQL server version for the right syntax to use near '20)' at line 2' in /home/ubuntu/workspace/hw/hw5/insertScores.php:20
Stack trace:
#0 /home/ubuntu/workspace/hw/hw5/insertScores.php(20): PDOStatement->execute()
#1 {main}
  thrown in /home/ubuntu/workspace/hw/hw5/insertScores.php on line 20
[30-Nov-2017 20:53:08 UTC] PHP Fatal error:  Uncaught exception 'PDOException' with message 'SQLSTATE[42000]: Syntax error or access violation: 1064 You have an error in your SQL syntax; check the manual that corresponds to your MySQL server version for the right syntax to use near '20)' at line 2' in /home/ubuntu/workspace/hw/hw5/insertScores.php:20
Stack trace:
#0 /home/ubuntu/workspace/hw/hw5/insertScores.php(20): PDOStatement->execute()
#1 {main}
  thrown in /home/ubuntu/workspace/hw/hw5/insertScores.php on line 20
[01-Dec-2017 02:51:10 UTC] PHP Fatal error:  Uncaught exception 'PDOException' with message 'SQLSTATE[23000]: Integrity constraint violation: 1452 Cannot add or update a child row: a foreign key constraint fails (`users`.`games`, CONSTRAINT `games_ibfk_1` FOREIGN KEY (`userId`) REFERENCES `users` (`userId`))' in /home/ubuntu/workspace/hw/hw5/insertScores.php:18
Stack trace:
#0 /home/ubuntu/workspace/hw/hw5/insertScores.php(18): PDOStatement->execute()
#1 {main}
  thrown in /home/ubuntu/workspace/hw/hw5/insertScores.php on line 18
[01-Dec-2017 02:51:39 UTC] PHP Fatal error:  Uncaught exception 'PDOException' with message 'SQLSTATE[23000]: Integrity constraint violation: 1452 Cannot add or update a child row: a foreign key constraint fails (`users`.`games`, CONSTRAINT `games_ibfk_1` FOREIGN KEY (`userId`) REFERENCES `users` (`userId`))' in /home/ubuntu/workspace/hw/hw5/insertScores.php:18
Stack trace:
#0 /home/ubuntu/workspace/hw/hw5/insertScores.php(18): PDOStatement->execute()
#1 {main}
  thrown in /home/ubuntu/workspace/hw/hw5/insertScores.php on line 18
[01-Dec-2017 02:54:06 UTC] PHP Fatal error:  Uncaught exception 'PDOException' with message 'SQLSTATE[23000]: Integrity constraint violation: 1452 Cannot add or update a child row: a foreign key constraint fails (`users`.`games`, CONSTRAINT `games_ibfk_1` FOREIGN KEY (`userId`) REFERENCES `users` (`userId`))' in /home/ubuntu/workspace/hw/hw5/insertScores.php:18
Stack trace:
#0 /home/ubuntu/workspace/hw/hw5/insertScores.php(18): PDOStatement->execute()
#1 {main}
  thrown in /home/ubuntu/workspace/hw/hw5/insertScores.php on line 18
[01-Dec-2017 02:56:11 UTC] PHP Fatal error:  Uncaught exception 'PDOException' with message 'SQLSTATE[21S01]: Insert value list does not match column list: 1136 Column count doesn't match value count at row 1' in /home/ubuntu/workspace/hw/hw5/insertScores.php:18
Stack trace:
#0 /home/ubuntu/workspace/hw/hw5/insertScores.php(18): PDOStatement->execute()
#1 {main}
  thrown in /home/ubuntu/workspace/hw/hw5/insertScores.php on line 18
[01-Dec-2017 02:57:00 UTC] PHP Fatal error:  Uncaught exception 'PDOException' with message 'SQLSTATE[21S01]: Insert value list does not match column list: 1136 Column count doesn't match value count at row 1' in /home/ubuntu/workspace/hw/hw5/insertScores.php:18
Stack trace:
#0 /home/ubuntu/workspace/hw/hw5/insertScores.php(18): PDOStatement->execute()
#1 {main}
  thrown in /home/ubuntu/workspace/hw/hw5/insertScores.php on line 18
[01-Dec-2017 02:57:11 UTC] PHP Fatal error:  Uncaught exception 'PDOException' with message 'SQLSTATE[21S01]: Insert value list does not match column list: 1136 Column count doesn't match value count at row 1' in /home/ubuntu/workspace/hw/hw5/insertScores.php:18
Stack trace:
#0 /home/ubuntu/workspace/hw/hw5/insertScores.php(18): PDOStatement->execute()
#1 {main}
  thrown in /home/ubuntu/workspace/hw/hw5/insertScores.php on line 18
[01-Dec-2017 03:00:33 UTC] PHP Fatal error:  Uncaught exception 'PDOException' with message 'SQLSTATE[42000]: Syntax error or access violation: 1064 You have an error in your SQL syntax; check the manual that corresponds to your MySQL server version for the right syntax to use near '20)' at line 2' in /home/ubuntu/workspace/hw/hw5/insertScores.php:30
Stack trace:
#0 /home/ubuntu/workspace/hw/hw5/insertScores.php(30): PDOStatement->execute()
#1 {main}
  thrown in /home/ubuntu/workspace/hw/hw5/insertScores.php on line 30
[01-Dec-2017 03:01:17 UTC] PHP Fatal error:  Uncaught exception 'PDOException' with message 'SQLSTATE[42000]: Syntax error or access violation: 1064 You have an error in your SQL syntax; check the manual that corresponds to your MySQL server version for the right syntax to use near '20)' at line 2' in /home/ubuntu/workspace/hw/hw5/insertScores.php:32
Stack trace:
#0 /home/ubuntu/workspace/hw/hw5/insertScores.php(32): PDOStatement->execute()
#1 {main}
  thrown in /home/ubuntu/workspace/hw/hw5/insertScores.php on line 32
[01-Dec-2017 03:02:34 UTC] PHP Fatal error:  Uncaught exception 'PDOException' with message 'SQLSTATE[42000]: Syntax error or access violation: 1064 You have an error in your SQL syntax; check the manual that corresponds to your MySQL server version for the right syntax to use near '20)' at line 2' in /home/ubuntu/workspace/hw/hw5/insertScores.php:32
Stack trace:
#0 /home/ubuntu/workspace/hw/hw5/insertScores.php(32): PDOStatement->execute()
#1 {main}
  thrown in /home/ubuntu/workspace/hw/hw5/insertScores.php on line 32
[01-Dec-2017 03:03:00 UTC] PHP Fatal error:  Uncaught exception 'PDOException' with message 'SQLSTATE[42000]: Syntax error or access violation: 1064 You have an error in your SQL syntax; check the manual that corresponds to your MySQL server version for the right syntax to use near '20)' at line 2' in /home/ubuntu/workspace/hw/hw5/insertScores.php:32
Stack trace:
#0 /home/ubuntu/workspace/hw/hw5/insertScores.php(32): PDOStatement->execute()
#1 {main}
  thrown in /home/ubuntu/workspace/hw/hw5/insertScores.php on line 32
[01-Dec-2017 03:19:04 UTC] PHP Fatal error:  Call to undefined function getUserInfo() in /home/ubuntu/workspace/hw/hw5/quiz.php on line 14
[01-Dec-2017 03:19:04 UTC] PHP Stack trace:
[01-Dec-2017 03:19:04 UTC] PHP   1. {main}() /home/ubuntu/workspace/hw/hw5/quiz.php:0
[01-Dec-2017 03:36:59 UTC] PHP Fatal error:  Uncaught exception 'PDOException' with message 'SQLSTATE[42000]: Syntax error or access violation: 1064 You have an error in your SQL syntax; check the manual that corresponds to your MySQL server version for the right syntax to use near ')' at line 2' in /home/ubuntu/workspace/hw/hw5/insertScores.php:31
Stack trace:
#0 /home/ubuntu/workspace/hw/hw5/insertScores.php(31): PDOStatement->execute()
#1 {main}
  thrown in /home/ubuntu/workspace/hw/hw5/insertScores.php on line 31
[01-Dec-2017 03:39:06 UTC] PHP Fatal error:  Uncaught exception 'PDOException' with message 'SQLSTATE[HY093]: Invalid parameter number: no parameters were bound' in /home/ubuntu/workspace/hw/hw5/insertScores.php:38
Stack trace:
#0 /home/ubuntu/workspace/hw/hw5/insertScores.php(38): PDOStatement->execute()
#1 {main}
  thrown in /home/ubuntu/workspace/hw/hw5/insertScores.php on line 38
[01-Dec-2017 03:40:29 UTC] PHP Fatal error:  Uncaught exception 'PDOException' with message 'SQLSTATE[23000]: Integrity constraint violation: 1452 Cannot add or update a child row: a foreign key constraint fails (`users`.`games`, CONSTRAINT `games_ibfk_1` FOREIGN KEY (`userId`) REFERENCES `users` (`userId`))' in /home/ubuntu/workspace/hw/hw5/insertScores.php:38
Stack trace:
#0 /home/ubuntu/workspace/hw/hw5/insertScores.php(38): PDOStatement->execute()
#1 {main}
  thrown in /home/ubuntu/workspace/hw/hw5/insertScores.php on line 38
[01-Dec-2017 03:40:51 UTC] PHP Fatal error:  Uncaught exception 'PDOException' with message 'SQLSTATE[23000]: Integrity constraint violation: 1452 Cannot add or update a child row: a foreign key constraint fails (`users`.`games`, CONSTRAINT `games_ibfk_1` FOREIGN KEY (`userId`) REFERENCES `users` (`userId`))' in /home/ubuntu/workspace/hw/hw5/insertScores.php:38
Stack trace:
#0 /home/ubuntu/workspace/hw/hw5/insertScores.php(38): PDOStatement->execute()
#1 {main}
  thrown in /home/ubuntu/workspace/hw/hw5/insertScores.php on line 38
[01-Dec-2017 03:41:02 UTC] PHP Fatal error:  Uncaught exception 'PDOException' with message 'SQLSTATE[23000]: Integrity constraint violation: 1452 Cannot add or update a child row: a foreign key constraint fails (`users`.`games`, CONSTRAINT `games_ibfk_1` FOREIGN KEY (`userId`) REFERENCES `users` (`userId`))' in /home/ubuntu/workspace/hw/hw5/insertScores.php:38
Stack trace:
#0 /home/ubuntu/workspace/hw/hw5/insertScores.php(38): PDOStatement->execute()
#1 {main}
  thrown in /home/ubuntu/workspace/hw/hw5/insertScores.php on line 38
[01-Dec-2017 03:41:08 UTC] PHP Fatal error:  Uncaught exception 'PDOException' with message 'SQLSTATE[23000]: Integrity constraint violation: 1452 Cannot add or update a child row: a foreign key constraint fails (`users`.`games`, CONSTRAINT `games_ibfk_1` FOREIGN KEY (`userId`) REFERENCES `users` (`userId`))' in /home/ubuntu/workspace/hw/hw5/insertScores.php:38
Stack trace:
#0 /home/ubuntu/workspace/hw/hw5/insertScores.php(38): PDOStatement->execute()
#1 {main}
  thrown in /home/ubuntu/workspace/hw/hw5/insertScores.php on line 38
[01-Dec-2017 03:41:55 UTC] PHP Fatal error:  Uncaught exception 'PDOException' with message 'SQLSTATE[23000]: Integrity constraint violation: 1452 Cannot add or update a child row: a foreign key constraint fails (`users`.`games`, CONSTRAINT `games_ibfk_1` FOREIGN KEY (`userId`) REFERENCES `users` (`userId`))' in /home/ubuntu/workspace/hw/hw5/insertScores.php:38
Stack trace:
#0 /home/ubuntu/workspace/hw/hw5/insertScores.php(38): PDOStatement->execute()
#1 {main}
  thrown in /home/ubuntu/workspace/hw/hw5/insertScores.php on line 38
[01-Dec-2017 03:42:01 UTC] PHP Fatal error:  Uncaught exception 'PDOException' with message 'SQLSTATE[23000]: Integrity constraint violation: 1452 Cannot add or update a child row: a foreign key constraint fails (`users`.`games`, CONSTRAINT `games_ibfk_1` FOREIGN KEY (`userId`) REFERENCES `users` (`userId`))' in /home/ubuntu/workspace/hw/hw5/insertScores.php:38
Stack trace:
#0 /home/ubuntu/workspace/hw/hw5/insertScores.php(38): PDOStatement->execute()
#1 {main}
  thrown in /home/ubuntu/workspace/hw/hw5/insertScores.php on line 38
[01-Dec-2017 04:00:40 UTC] PHP Fatal error:  Uncaught exception 'PDOException' with message 'SQLSTATE[42000]: Syntax error or access violation: 1064 You have an error in your SQL syntax; check the manual that corresponds to your MySQL server version for the right syntax to use near 'WHERE username = NULL' at line 3' in /home/ubuntu/workspace/hw/hw5/insertScores.php:40
Stack trace:
#0 /home/ubuntu/workspace/hw/hw5/insertScores.php(40): PDOStatement->execute(Array)
#1 {main}
  thrown in /home/ubuntu/workspace/hw/hw5/insertScores.php on line 40
[01-Dec-2017 04:14:57 UTC] PHP Fatal error:  Uncaught exception 'PDOException' with message 'SQLSTATE[42000]: Syntax error or access violation: 1064 You have an error in your SQL syntax; check the manual that corresponds to your MySQL server version for the right syntax to use near 'WHERE username = 'admin'' at line 3' in /home/ubuntu/workspace/hw/hw5/insertScores.php:41
Stack trace:
#0 /home/ubuntu/workspace/hw/hw5/insertScores.php(41): PDOStatement->execute(Array)
#1 {main}
  thrown in /home/ubuntu/workspace/hw/hw5/insertScores.php on line 41
[01-Dec-2017 04:16:08 UTC] PHP Fatal error:  Uncaught exception 'PDOException' with message 'SQLSTATE[21S01]: Insert value list does not match column list: 1136 Column count doesn't match value count at row 1' in /home/ubuntu/workspace/hw/hw5/insertScores.php:38
Stack trace:
#0 /home/ubuntu/workspace/hw/hw5/insertScores.php(38): PDOStatement->execute(NULL)
#1 {main}
  thrown in /home/ubuntu/workspace/hw/hw5/insertScores.php on line 38
[01-Dec-2017 04:16:12 UTC] PHP Fatal error:  Uncaught exception 'PDOException' with message 'SQLSTATE[23000]: Integrity constraint violation: 1452 Cannot add or update a child row: a foreign key constraint fails (`users`.`games`, CONSTRAINT `games_ibfk_1` FOREIGN KEY (`userId`) REFERENCES `users` (`userId`))' in /home/ubuntu/workspace/hw/hw5/insertScores.php:38
Stack trace:
#0 /home/ubuntu/workspace/hw/hw5/insertScores.php(38): PDOStatement->execute(NULL)
#1 {main}
  thrown in /home/ubuntu/workspace/hw/hw5/insertScores.php on line 38
[01-Dec-2017 04:17:20 UTC] PHP Fatal error:  Uncaught exception 'PDOException' with message 'SQLSTATE[23000]: Integrity constraint violation: 1452 Cannot add or update a child row: a foreign key constraint fails (`users`.`games`, CONSTRAINT `games_ibfk_1` FOREIGN KEY (`userId`) REFERENCES `users` (`userId`))' in /home/ubuntu/workspace/hw/hw5/insertScores.php:38
Stack trace:
#0 /home/ubuntu/workspace/hw/hw5/insertScores.php(38): PDOStatement->execute(NULL)
#1 {main}
  thrown in /home/ubuntu/workspace/hw/hw5/insertScores.php on line 38
[01-Dec-2017 04:17:42 UTC] PHP Fatal error:  Uncaught exception 'PDOException' with message 'SQLSTATE[21S01]: Insert value list does not match column list: 1136 Column count doesn't match value count at row 1' in /home/ubuntu/workspace/hw/hw5/insertScores.php:38
Stack trace:
#0 /home/ubuntu/workspace/hw/hw5/insertScores.php(38): PDOStatement->execute(NULL)
#1 {main}
  thrown in /home/ubuntu/workspace/hw/hw5/insertScores.php on line 38
[01-Dec-2017 04:17:47 UTC] PHP Fatal error:  Uncaught exception 'PDOException' with message 'SQLSTATE[23000]: Integrity constraint violation: 1452 Cannot add or update a child row: a foreign key constraint fails (`users`.`games`, CONSTRAINT `games_ibfk_1` FOREIGN KEY (`userId`) REFERENCES `users` (`userId`))' in /home/ubuntu/workspace/hw/hw5/insertScores.php:38
Stack trace:
#0 /home/ubuntu/workspace/hw/hw5/insertScores.php(38): PDOStatement->execute(NULL)
#1 {main}
  thrown in /home/ubuntu/workspace/hw/hw5/insertScores.php on line 38
[01-Dec-2017 04:20:11 UTC] PHP Fatal error:  Uncaught exception 'PDOException' with message 'SQLSTATE[23000]: Integrity constraint violation: 1452 Cannot add or update a child row: a foreign key constraint fails (`users`.`games`, CONSTRAINT `games_ibfk_1` FOREIGN KEY (`userId`) REFERENCES `users` (`userId`))' in /home/ubuntu/workspace/hw/hw5/insertScores.php:38
Stack trace:
#0 /home/ubuntu/workspace/hw/hw5/insertScores.php(38): PDOStatement->execute(NULL)
#1 {main}
  thrown in /home/ubuntu/workspace/hw/hw5/insertScores.php on line 38
[01-Dec-2017 06:36:44 UTC] PHP Fatal error:  Uncaught exception 'PDOException' with message 'SQLSTATE[42000]: Syntax error or access violation: 1064 You have an error in your SQL syntax; check the manual that corresponds to your MySQL server version for the right syntax to use near ' )' at line 2' in /home/ubuntu/workspace/hw/hw5/insertScores.php:24
Stack trace:
#0 /home/ubuntu/workspace/hw/hw5/insertScores.php(24): PDOStatement->execute()
#1 {main}
  thrown in /home/ubuntu/workspace/hw/hw5/insertScores.php on line 24
[01-Dec-2017 06:37:35 UTC] PHP Fatal error:  Uncaught exception 'PDOException' with message 'SQLSTATE[42000]: Syntax error or access violation: 1064 You have an error in your SQL syntax; check the manual that corresponds to your MySQL server version for the right syntax to use near ' )' at line 2' in /home/ubuntu/workspace/hw/hw5/insertScores.php:24
Stack trace:
#0 /home/ubuntu/workspace/hw/hw5/insertScores.php(24): PDOStatement->execute()
#1 {main}
  thrown in /home/ubuntu/workspace/hw/hw5/insertScores.php on line 24
[01-Dec-2017 06:40:10 UTC] PHP Fatal error:  Uncaught exception 'PDOException' with message 'SQLSTATE[42000]: Syntax error or access violation: 1064 You have an error in your SQL syntax; check the manual that corresponds to your MySQL server version for the right syntax to use near ' )' at line 2' in /home/ubuntu/workspace/hw/hw5/insertScores.php:24
Stack trace:
#0 /home/ubuntu/workspace/hw/hw5/insertScores.php(24): PDOStatement->execute()
#1 {main}
  thrown in /home/ubuntu/workspace/hw/hw5/insertScores.php on line 24
[01-Dec-2017 06:40:17 UTC] PHP Fatal error:  Uncaught exception 'PDOException' with message 'SQLSTATE[42000]: Syntax error or access violation: 1064 You have an error in your SQL syntax; check the manual that corresponds to your MySQL server version for the right syntax to use near ' )' at line 2' in /home/ubuntu/workspace/hw/hw5/insertScores.php:24
Stack trace:
#0 /home/ubuntu/workspace/hw/hw5/insertScores.php(24): PDOStatement->execute()
#1 {main}
  thrown in /home/ubuntu/workspace/hw/hw5/insertScores.php on line 24
[01-Dec-2017 06:40:30 UTC] PHP Fatal error:  Uncaught exception 'PDOException' with message 'SQLSTATE[42000]: Syntax error or access violation: 1064 You have an error in your SQL syntax; check the manual that corresponds to your MySQL server version for the right syntax to use near ' )' at line 2' in /home/ubuntu/workspace/hw/hw5/insertScores.php:24
Stack trace:
#0 /home/ubuntu/workspace/hw/hw5/insertScores.php(24): PDOStatement->execute()
#1 {main}
  thrown in /home/ubuntu/workspace/hw/hw5/insertScores.php on line 24
[01-Dec-2017 17:37:51 UTC] PHP Fatal error:  Call to a member function prepare() on a non-object in /home/ubuntu/workspace/hw/hw5/insertScores.php on line 11
[01-Dec-2017 17:37:51 UTC] PHP Stack trace:
[01-Dec-2017 17:37:51 UTC] PHP   1. {main}() /home/ubuntu/workspace/hw/hw5/insertScores.php:0
[01-Dec-2017 17:37:51 UTC] PHP   2. getAvg() /home/ubuntu/workspace/hw/hw5/insertScores.php:20
[01-Dec-2017 17:38:18 UTC] PHP Fatal error:  Call to a member function prepare() on a non-object in /home/ubuntu/workspace/hw/hw5/insertScores.php on line 11
[01-Dec-2017 17:38:18 UTC] PHP Stack trace:
[01-Dec-2017 17:38:18 UTC] PHP   1. {main}() /home/ubuntu/workspace/hw/hw5/insertScores.php:0
[01-Dec-2017 17:38:18 UTC] PHP   2. getAvg() /home/ubuntu/workspace/hw/hw5/insertScores.php:20
[01-Dec-2017 17:38:59 UTC] PHP Fatal error:  Call to a member function prepare() on a non-object in /home/ubuntu/workspace/hw/hw5/insertScores.php on line 11
[01-Dec-2017 17:38:59 UTC] PHP Stack trace:
[01-Dec-2017 17:38:59 UTC] PHP   1. {main}() /home/ubuntu/workspace/hw/hw5/insertScores.php:0
[01-Dec-2017 17:38:59 UTC] PHP   2. getAvg() /home/ubuntu/workspace/hw/hw5/insertScores.php:20
[01-Dec-2017 17:40:00 UTC] PHP Fatal error:  Call to a member function prepare() on a non-object in /home/ubuntu/workspace/hw/hw5/insertScores.php on line 11
[01-Dec-2017 17:40:00 UTC] PHP Stack trace:
[01-Dec-2017 17:40:00 UTC] PHP   1. {main}() /home/ubuntu/workspace/hw/hw5/insertScores.php:0
[01-Dec-2017 17:40:00 UTC] PHP   2. getAvg() /home/ubuntu/workspace/hw/hw5/insertScores.php:20
[01-Dec-2017 17:42:59 UTC] PHP Fatal error:  Call to a member function prepare() on a non-object in /home/ubuntu/workspace/hw/hw5/insertScores.php on line 13
[01-Dec-2017 17:42:59 UTC] PHP Stack trace:
[01-Dec-2017 17:42:59 UTC] PHP   1. {main}() /home/ubuntu/workspace/hw/hw5/insertScores.php:0
[01-Dec-2017 17:42:59 UTC] PHP   2. getAvg() /home/ubuntu/workspace/hw/hw5/insertScores.php:22
[01-Dec-2017 17:46:23 UTC] PHP Fatal error:  Uncaught exception 'PDOException' with message 'SQLSTATE[42S22]: Column not found: 1054 Unknown column 'username' in 'field list'' in /home/ubuntu/workspace/hw/hw5/insertScores.php:15
Stack trace:
#0 /home/ubuntu/workspace/hw/hw5/insertScores.php(15): PDOStatement->execute(Array)
#1 /home/ubuntu/workspace/hw/hw5/insertScores.php(23): getAvg()
#2 {main}
  thrown in /home/ubuntu/workspace/hw/hw5/insertScores.php on line 15
[01-Dec-2017 17:47:19 UTC] PHP Warning:  Invalid argument supplied for foreach() in /home/ubuntu/workspace/hw/hw5/insertScores.php on line 18
[01-Dec-2017 17:47:19 UTC] PHP Stack trace:
[01-Dec-2017 17:47:19 UTC] PHP   1. {main}() /home/ubuntu/workspace/hw/hw5/insertScores.php:0
[01-Dec-2017 17:47:19 UTC] PHP   2. getAvg() /home/ubuntu/workspace/hw/hw5/insertScores.php:23
[01-Dec-2017 18:12:32 UTC] PHP Fatal error:  Uncaught exception 'PDOException' with message 'SQLSTATE[HY093]: Invalid parameter number: parameter was not defined' in /home/ubuntu/workspace/hw/hw5/insertScores.php:15
Stack trace:
#0 /home/ubuntu/workspace/hw/hw5/insertScores.php(15): PDOStatement->execute(Array)
#1 /home/ubuntu/workspace/hw/hw5/insertScores.php(23): getAvg()
#2 {main}
  thrown in /home/ubuntu/workspace/hw/hw5/insertScores.php on line 15
[01-Dec-2017 18:12:59 UTC] PHP Fatal error:  Uncaught exception 'PDOException' with message 'SQLSTATE[42S02]: Base table or view not found: 1146 Table 'quotes.games' doesn't exist' in /home/ubuntu/workspace/hw/hw5/insertScores.php:15
Stack trace:
#0 /home/ubuntu/workspace/hw/hw5/insertScores.php(15): PDOStatement->execute(Array)
#1 /home/ubuntu/workspace/hw/hw5/insertScores.php(23): getAvg()
#2 {main}
  thrown in /home/ubuntu/workspace/hw/hw5/insertScores.php on line 15
[01-Dec-2017 18:13:47 UTC] PHP Fatal error:  Uncaught exception 'PDOException' with message 'SQLSTATE[HY000] [1045] Access denied for user ''@'localhost' (using password: NO)' in /home/ubuntu/workspace/dbConnection.php:17
Stack trace:
#0 /home/ubuntu/workspace/dbConnection.php(17): PDO->__construct('mysql:host=;dbn...', NULL, NULL)
#1 /home/ubuntu/workspace/hw/hw5/insertScores.php(4): getDatabaseConnection()
#2 {main}
  thrown in /home/ubuntu/workspace/dbConnection.php on line 17
[01-Dec-2017 18:16:04 UTC] PHP Fatal error:  Uncaught exception 'PDOException' with message 'SQLSTATE[42S02]: Base table or view not found: 1146 Table 'quotes.games' doesn't exist' in /home/ubuntu/workspace/hw/hw5/insertScores.php:15
Stack trace:
#0 /home/ubuntu/workspace/hw/hw5/insertScores.php(15): PDOStatement->execute(Array)
#1 /home/ubuntu/workspace/hw/hw5/insertScores.php(23): getAvg()
#2 {main}
  thrown in /home/ubuntu/workspace/hw/hw5/insertScores.php on line 15
[01-Dec-2017 18:16:29 UTC] PHP Fatal error:  Uncaught exception 'PDOException' with message 'SQLSTATE[42S02]: Base table or view not found: 1146 Table 'quotes.games' doesn't exist' in /home/ubuntu/workspace/hw/hw5/login.php:19
Stack trace:
#0 /home/ubuntu/workspace/hw/hw5/login.php(19): PDOStatement->execute(Array)
#1 {main}
  thrown in /home/ubuntu/workspace/hw/hw5/login.php on line 19
[01-Dec-2017 18:17:41 UTC] PHP Fatal error:  Uncaught exception 'PDOException' with message 'SQLSTATE[3D000]: Invalid catalog name: 1046 No database selected' in /home/ubuntu/workspace/hw/hw5/login.php:19
Stack trace:
#0 /home/ubuntu/workspace/hw/hw5/login.php(19): PDOStatement->execute(Array)
#1 {main}
  thrown in /home/ubuntu/workspace/hw/hw5/login.php on line 19
[01-Dec-2017 18:20:11 UTC] PHP Fatal error:  Uncaught exception 'PDOException' with message 'SQLSTATE[3D000]: Invalid catalog name: 1046 No database selected' in /home/ubuntu/workspace/hw/hw5/insertScores.php:15
Stack trace:
#0 /home/ubuntu/workspace/hw/hw5/insertScores.php(15): PDOStatement->execute(Array)
#1 /home/ubuntu/workspace/hw/hw5/insertScores.php(23): getAvg()
#2 {main}
  thrown in /home/ubuntu/workspace/hw/hw5/insertScores.php on line 15
[01-Dec-2017 18:20:17 UTC] PHP Fatal error:  Uncaught exception 'PDOException' with message 'SQLSTATE[3D000]: Invalid catalog name: 1046 No database selected' in /home/ubuntu/workspace/hw/hw5/login.php:19
Stack trace:
#0 /home/ubuntu/workspace/hw/hw5/login.php(19): PDOStatement->execute(Array)
#1 {main}
  thrown in /home/ubuntu/workspace/hw/hw5/login.php on line 19
